{"/home/alan/Cloud/workspaces/prd-pui-manager/api/accounts/index.spec.ts":{"path":"/home/alan/Cloud/workspaces/prd-pui-manager/api/accounts/index.spec.ts","statementMap":{"0":{"start":{"line":2,"column":16},"end":{"line":9,"column":1}},"1":{"start":{"line":3,"column":4},"end":{"line":8,"column":7}},"2":{"start":{"line":4,"column":36},"end":{"line":4,"column":97}},"3":{"start":{"line":4,"column":42},"end":{"line":4,"column":70}},"4":{"start":{"line":4,"column":85},"end":{"line":4,"column":95}},"5":{"start":{"line":5,"column":35},"end":{"line":5,"column":100}},"6":{"start":{"line":5,"column":41},"end":{"line":5,"column":73}},"7":{"start":{"line":5,"column":88},"end":{"line":5,"column":98}},"8":{"start":{"line":6,"column":32},"end":{"line":6,"column":149}},"9":{"start":{"line":6,"column":97},"end":{"line":6,"column":119}},"10":{"start":{"line":7,"column":8},"end":{"line":7,"column":78}},"11":{"start":{"line":10,"column":18},"end":{"line":36,"column":1}},"12":{"start":{"line":11,"column":12},"end":{"line":11,"column":104}},"13":{"start":{"line":11,"column":43},"end":{"line":11,"column":68}},"14":{"start":{"line":11,"column":57},"end":{"line":11,"column":68}},"15":{"start":{"line":11,"column":69},"end":{"line":11,"column":81}},"16":{"start":{"line":12,"column":4},"end":{"line":12,"column":157}},"17":{"start":{"line":12,"column":138},"end":{"line":12,"column":150}},"18":{"start":{"line":13,"column":23},"end":{"line":13,"column":68}},"19":{"start":{"line":13,"column":45},"end":{"line":13,"column":65}},"20":{"start":{"line":15,"column":8},"end":{"line":15,"column":70}},"21":{"start":{"line":15,"column":15},"end":{"line":15,"column":70}},"22":{"start":{"line":16,"column":8},"end":{"line":33,"column":66}},"23":{"start":{"line":16,"column":18},"end":{"line":33,"column":66}},"24":{"start":{"line":17,"column":12},"end":{"line":17,"column":169}},"25":{"start":{"line":17,"column":160},"end":{"line":17,"column":169}},"26":{"start":{"line":18,"column":12},"end":{"line":18,"column":52}},"27":{"start":{"line":18,"column":26},"end":{"line":18,"column":52}},"28":{"start":{"line":19,"column":12},"end":{"line":31,"column":13}},"29":{"start":{"line":20,"column":32},"end":{"line":20,"column":39}},"30":{"start":{"line":20,"column":40},"end":{"line":20,"column":46}},"31":{"start":{"line":21,"column":24},"end":{"line":21,"column":34}},"32":{"start":{"line":21,"column":35},"end":{"line":21,"column":72}},"33":{"start":{"line":22,"column":24},"end":{"line":22,"column":34}},"34":{"start":{"line":22,"column":35},"end":{"line":22,"column":45}},"35":{"start":{"line":22,"column":46},"end":{"line":22,"column":55}},"36":{"start":{"line":22,"column":56},"end":{"line":22,"column":65}},"37":{"start":{"line":23,"column":24},"end":{"line":23,"column":41}},"38":{"start":{"line":23,"column":42},"end":{"line":23,"column":55}},"39":{"start":{"line":23,"column":56},"end":{"line":23,"column":65}},"40":{"start":{"line":25,"column":20},"end":{"line":25,"column":128}},"41":{"start":{"line":25,"column":110},"end":{"line":25,"column":116}},"42":{"start":{"line":25,"column":117},"end":{"line":25,"column":126}},"43":{"start":{"line":26,"column":20},"end":{"line":26,"column":106}},"44":{"start":{"line":26,"column":81},"end":{"line":26,"column":97}},"45":{"start":{"line":26,"column":98},"end":{"line":26,"column":104}},"46":{"start":{"line":27,"column":20},"end":{"line":27,"column":89}},"47":{"start":{"line":27,"column":57},"end":{"line":27,"column":72}},"48":{"start":{"line":27,"column":73},"end":{"line":27,"column":80}},"49":{"start":{"line":27,"column":81},"end":{"line":27,"column":87}},"50":{"start":{"line":28,"column":20},"end":{"line":28,"column":87}},"51":{"start":{"line":28,"column":47},"end":{"line":28,"column":62}},"52":{"start":{"line":28,"column":63},"end":{"line":28,"column":78}},"53":{"start":{"line":28,"column":79},"end":{"line":28,"column":85}},"54":{"start":{"line":29,"column":20},"end":{"line":29,"column":42}},"55":{"start":{"line":29,"column":30},"end":{"line":29,"column":42}},"56":{"start":{"line":30,"column":20},"end":{"line":30,"column":33}},"57":{"start":{"line":30,"column":34},"end":{"line":30,"column":43}},"58":{"start":{"line":32,"column":12},"end":{"line":32,"column":39}},"59":{"start":{"line":33,"column":22},"end":{"line":33,"column":34}},"60":{"start":{"line":33,"column":35},"end":{"line":33,"column":41}},"61":{"start":{"line":33,"column":54},"end":{"line":33,"column":64}},"62":{"start":{"line":34,"column":8},"end":{"line":34,"column":35}},"63":{"start":{"line":34,"column":23},"end":{"line":34,"column":35}},"64":{"start":{"line":34,"column":36},"end":{"line":34,"column":89}},"65":{"start":{"line":37,"column":12},"end":{"line":37,"column":16}},"66":{"start":{"line":38,"column":0},"end":{"line":38,"column":62}},"67":{"start":{"line":39,"column":11},"end":{"line":39,"column":26}},"68":{"start":{"line":40,"column":13},"end":{"line":40,"column":28}},"69":{"start":{"line":41,"column":0},"end":{"line":41,"column":17}},"70":{"start":{"line":42,"column":12},"end":{"line":42,"column":28}},"71":{"start":{"line":43,"column":16},"end":{"line":43,"column":37}},"72":{"start":{"line":44,"column":27},"end":{"line":44,"column":56}},"73":{"start":{"line":45,"column":0},"end":{"line":45,"column":20}},"74":{"start":{"line":47,"column":19},"end":{"line":47,"column":37}},"75":{"start":{"line":48,"column":22},"end":{"line":48,"column":60}},"76":{"start":{"line":49,"column":11},"end":{"line":49,"column":33}},"77":{"start":{"line":50,"column":15},"end":{"line":50,"column":45}},"78":{"start":{"line":51,"column":18},"end":{"line":51,"column":40}},"79":{"start":{"line":52,"column":0},"end":{"line":225,"column":3}},"80":{"start":{"line":56,"column":35},"end":{"line":62,"column":5}},"81":{"start":{"line":63,"column":18},"end":{"line":72,"column":5}},"82":{"start":{"line":73,"column":4},"end":{"line":77,"column":7}},"83":{"start":{"line":74,"column":8},"end":{"line":74,"column":40}},"84":{"start":{"line":75,"column":8},"end":{"line":75,"column":52}},"85":{"start":{"line":76,"column":8},"end":{"line":76,"column":45}},"86":{"start":{"line":78,"column":4},"end":{"line":80,"column":7}},"87":{"start":{"line":79,"column":8},"end":{"line":79,"column":26}},"88":{"start":{"line":81,"column":4},"end":{"line":95,"column":11}},"89":{"start":{"line":81,"column":48},"end":{"line":95,"column":7}},"90":{"start":{"line":83,"column":8},"end":{"line":94,"column":11}},"91":{"start":{"line":84,"column":12},"end":{"line":93,"column":13}},"92":{"start":{"line":86,"column":20},"end":{"line":86,"column":96}},"93":{"start":{"line":87,"column":20},"end":{"line":87,"column":115}},"94":{"start":{"line":88,"column":20},"end":{"line":88,"column":89}},"95":{"start":{"line":90,"column":20},"end":{"line":90,"column":41}},"96":{"start":{"line":91,"column":20},"end":{"line":91,"column":79}},"97":{"start":{"line":92,"column":20},"end":{"line":92,"column":42}},"98":{"start":{"line":96,"column":4},"end":{"line":109,"column":11}},"99":{"start":{"line":96,"column":68},"end":{"line":109,"column":7}},"100":{"start":{"line":97,"column":8},"end":{"line":108,"column":11}},"101":{"start":{"line":98,"column":12},"end":{"line":107,"column":13}},"102":{"start":{"line":100,"column":20},"end":{"line":100,"column":89}},"103":{"start":{"line":101,"column":20},"end":{"line":101,"column":88}},"104":{"start":{"line":103,"column":20},"end":{"line":103,"column":30}},"105":{"start":{"line":104,"column":20},"end":{"line":104,"column":68}},"106":{"start":{"line":105,"column":20},"end":{"line":105,"column":38}},"107":{"start":{"line":106,"column":20},"end":{"line":106,"column":42}},"108":{"start":{"line":110,"column":4},"end":{"line":122,"column":11}},"109":{"start":{"line":110,"column":74},"end":{"line":122,"column":7}},"110":{"start":{"line":111,"column":8},"end":{"line":121,"column":11}},"111":{"start":{"line":112,"column":12},"end":{"line":120,"column":13}},"112":{"start":{"line":114,"column":20},"end":{"line":114,"column":109}},"113":{"start":{"line":115,"column":20},"end":{"line":115,"column":88}},"114":{"start":{"line":117,"column":20},"end":{"line":117,"column":30}},"115":{"start":{"line":118,"column":20},"end":{"line":118,"column":94}},"116":{"start":{"line":119,"column":20},"end":{"line":119,"column":42}},"117":{"start":{"line":123,"column":4},"end":{"line":139,"column":11}},"118":{"start":{"line":123,"column":82},"end":{"line":139,"column":7}},"119":{"start":{"line":125,"column":8},"end":{"line":138,"column":11}},"120":{"start":{"line":126,"column":12},"end":{"line":137,"column":13}},"121":{"start":{"line":128,"column":20},"end":{"line":128,"column":74}},"122":{"start":{"line":129,"column":20},"end":{"line":129,"column":109}},"123":{"start":{"line":130,"column":20},"end":{"line":130,"column":98}},"124":{"start":{"line":132,"column":20},"end":{"line":132,"column":40}},"125":{"start":{"line":133,"column":20},"end":{"line":133,"column":78}},"126":{"start":{"line":134,"column":20},"end":{"line":134,"column":75}},"127":{"start":{"line":135,"column":20},"end":{"line":135,"column":54}},"128":{"start":{"line":136,"column":20},"end":{"line":136,"column":42}},"129":{"start":{"line":140,"column":4},"end":{"line":166,"column":11}},"130":{"start":{"line":140,"column":94},"end":{"line":166,"column":7}},"131":{"start":{"line":142,"column":8},"end":{"line":165,"column":11}},"132":{"start":{"line":143,"column":12},"end":{"line":164,"column":13}},"133":{"start":{"line":145,"column":20},"end":{"line":145,"column":52}},"134":{"start":{"line":146,"column":20},"end":{"line":155,"column":22}},"135":{"start":{"line":156,"column":20},"end":{"line":156,"column":75}},"136":{"start":{"line":157,"column":20},"end":{"line":157,"column":109}},"137":{"start":{"line":158,"column":20},"end":{"line":158,"column":105}},"138":{"start":{"line":160,"column":20},"end":{"line":160,"column":40}},"139":{"start":{"line":161,"column":20},"end":{"line":161,"column":54}},"140":{"start":{"line":162,"column":20},"end":{"line":162,"column":38}},"141":{"start":{"line":163,"column":20},"end":{"line":163,"column":42}},"142":{"start":{"line":167,"column":4},"end":{"line":179,"column":11}},"143":{"start":{"line":167,"column":104},"end":{"line":179,"column":7}},"144":{"start":{"line":169,"column":8},"end":{"line":178,"column":11}},"145":{"start":{"line":170,"column":12},"end":{"line":177,"column":13}},"146":{"start":{"line":172,"column":20},"end":{"line":172,"column":87}},"147":{"start":{"line":173,"column":20},"end":{"line":173,"column":98}},"148":{"start":{"line":175,"column":20},"end":{"line":175,"column":40}},"149":{"start":{"line":176,"column":20},"end":{"line":176,"column":42}},"150":{"start":{"line":180,"column":4},"end":{"line":207,"column":11}},"151":{"start":{"line":180,"column":43},"end":{"line":207,"column":7}},"152":{"start":{"line":182,"column":8},"end":{"line":206,"column":11}},"153":{"start":{"line":183,"column":12},"end":{"line":205,"column":13}},"154":{"start":{"line":185,"column":20},"end":{"line":185,"column":98}},"155":{"start":{"line":186,"column":20},"end":{"line":197,"column":22}},"156":{"start":{"line":198,"column":20},"end":{"line":198,"column":94}},"157":{"start":{"line":199,"column":20},"end":{"line":199,"column":90}},"158":{"start":{"line":200,"column":20},"end":{"line":200,"column":84}},"159":{"start":{"line":202,"column":20},"end":{"line":202,"column":30}},"160":{"start":{"line":203,"column":20},"end":{"line":203,"column":82}},"161":{"start":{"line":204,"column":20},"end":{"line":204,"column":42}},"162":{"start":{"line":208,"column":4},"end":{"line":224,"column":11}},"163":{"start":{"line":208,"column":58},"end":{"line":224,"column":7}},"164":{"start":{"line":209,"column":8},"end":{"line":223,"column":11}},"165":{"start":{"line":210,"column":12},"end":{"line":222,"column":13}},"166":{"start":{"line":212,"column":20},"end":{"line":212,"column":98}},"167":{"start":{"line":213,"column":20},"end":{"line":215,"column":23}},"168":{"start":{"line":216,"column":20},"end":{"line":216,"column":102}},"169":{"start":{"line":217,"column":20},"end":{"line":217,"column":99}},"170":{"start":{"line":219,"column":20},"end":{"line":219,"column":30}},"171":{"start":{"line":220,"column":20},"end":{"line":220,"column":93}},"172":{"start":{"line":221,"column":20},"end":{"line":221,"column":42}}},"fnMap":{"0":{"name":"(anonymous_0)","decl":{"start":{"line":2,"column":44},"end":{"line":2,"column":45}},"loc":{"start":{"line":2,"column":89},"end":{"line":9,"column":1}},"line":2},"1":{"name":"(anonymous_1)","decl":{"start":{"line":3,"column":36},"end":{"line":3,"column":37}},"loc":{"start":{"line":3,"column":63},"end":{"line":8,"column":5}},"line":3},"2":{"name":"fulfilled","decl":{"start":{"line":4,"column":17},"end":{"line":4,"column":26}},"loc":{"start":{"line":4,"column":34},"end":{"line":4,"column":99}},"line":4},"3":{"name":"rejected","decl":{"start":{"line":5,"column":17},"end":{"line":5,"column":25}},"loc":{"start":{"line":5,"column":33},"end":{"line":5,"column":102}},"line":5},"4":{"name":"step","decl":{"start":{"line":6,"column":17},"end":{"line":6,"column":21}},"loc":{"start":{"line":6,"column":30},"end":{"line":6,"column":151}},"line":6},"5":{"name":"(anonymous_5)","decl":{"start":{"line":6,"column":76},"end":{"line":6,"column":77}},"loc":{"start":{"line":6,"column":95},"end":{"line":6,"column":121}},"line":6},"6":{"name":"(anonymous_6)","decl":{"start":{"line":10,"column":48},"end":{"line":10,"column":49}},"loc":{"start":{"line":10,"column":73},"end":{"line":36,"column":1}},"line":10},"7":{"name":"(anonymous_7)","decl":{"start":{"line":11,"column":30},"end":{"line":11,"column":31}},"loc":{"start":{"line":11,"column":41},"end":{"line":11,"column":83}},"line":11},"8":{"name":"(anonymous_8)","decl":{"start":{"line":12,"column":125},"end":{"line":12,"column":126}},"loc":{"start":{"line":12,"column":136},"end":{"line":12,"column":152}},"line":12},"9":{"name":"verb","decl":{"start":{"line":13,"column":13},"end":{"line":13,"column":17}},"loc":{"start":{"line":13,"column":21},"end":{"line":13,"column":70}},"line":13},"10":{"name":"(anonymous_10)","decl":{"start":{"line":13,"column":30},"end":{"line":13,"column":31}},"loc":{"start":{"line":13,"column":43},"end":{"line":13,"column":67}},"line":13},"11":{"name":"step","decl":{"start":{"line":14,"column":13},"end":{"line":14,"column":17}},"loc":{"start":{"line":14,"column":22},"end":{"line":35,"column":5}},"line":14},"12":{"name":"(anonymous_12)","decl":{"start":{"line":52,"column":26},"end":{"line":52,"column":27}},"loc":{"start":{"line":52,"column":38},"end":{"line":225,"column":1}},"line":52},"13":{"name":"(anonymous_13)","decl":{"start":{"line":73,"column":15},"end":{"line":73,"column":16}},"loc":{"start":{"line":73,"column":27},"end":{"line":77,"column":5}},"line":73},"14":{"name":"(anonymous_14)","decl":{"start":{"line":78,"column":14},"end":{"line":78,"column":15}},"loc":{"start":{"line":78,"column":26},"end":{"line":80,"column":5}},"line":78},"15":{"name":"(anonymous_15)","decl":{"start":{"line":81,"column":34},"end":{"line":81,"column":35}},"loc":{"start":{"line":81,"column":46},"end":{"line":95,"column":9}},"line":81},"16":{"name":"(anonymous_16)","decl":{"start":{"line":81,"column":88},"end":{"line":81,"column":89}},"loc":{"start":{"line":81,"column":100},"end":{"line":95,"column":5}},"line":81},"17":{"name":"(anonymous_17)","decl":{"start":{"line":83,"column":33},"end":{"line":83,"column":34}},"loc":{"start":{"line":83,"column":47},"end":{"line":94,"column":9}},"line":83},"18":{"name":"(anonymous_18)","decl":{"start":{"line":96,"column":54},"end":{"line":96,"column":55}},"loc":{"start":{"line":96,"column":66},"end":{"line":109,"column":9}},"line":96},"19":{"name":"(anonymous_19)","decl":{"start":{"line":96,"column":108},"end":{"line":96,"column":109}},"loc":{"start":{"line":96,"column":120},"end":{"line":109,"column":5}},"line":96},"20":{"name":"(anonymous_20)","decl":{"start":{"line":97,"column":33},"end":{"line":97,"column":34}},"loc":{"start":{"line":97,"column":47},"end":{"line":108,"column":9}},"line":97},"21":{"name":"(anonymous_21)","decl":{"start":{"line":110,"column":60},"end":{"line":110,"column":61}},"loc":{"start":{"line":110,"column":72},"end":{"line":122,"column":9}},"line":110},"22":{"name":"(anonymous_22)","decl":{"start":{"line":110,"column":114},"end":{"line":110,"column":115}},"loc":{"start":{"line":110,"column":126},"end":{"line":122,"column":5}},"line":110},"23":{"name":"(anonymous_23)","decl":{"start":{"line":111,"column":33},"end":{"line":111,"column":34}},"loc":{"start":{"line":111,"column":47},"end":{"line":121,"column":9}},"line":111},"24":{"name":"(anonymous_24)","decl":{"start":{"line":123,"column":68},"end":{"line":123,"column":69}},"loc":{"start":{"line":123,"column":80},"end":{"line":139,"column":9}},"line":123},"25":{"name":"(anonymous_25)","decl":{"start":{"line":123,"column":122},"end":{"line":123,"column":123}},"loc":{"start":{"line":123,"column":134},"end":{"line":139,"column":5}},"line":123},"26":{"name":"(anonymous_26)","decl":{"start":{"line":125,"column":33},"end":{"line":125,"column":34}},"loc":{"start":{"line":125,"column":47},"end":{"line":138,"column":9}},"line":125},"27":{"name":"(anonymous_27)","decl":{"start":{"line":140,"column":80},"end":{"line":140,"column":81}},"loc":{"start":{"line":140,"column":92},"end":{"line":166,"column":9}},"line":140},"28":{"name":"(anonymous_28)","decl":{"start":{"line":140,"column":134},"end":{"line":140,"column":135}},"loc":{"start":{"line":140,"column":146},"end":{"line":166,"column":5}},"line":140},"29":{"name":"(anonymous_29)","decl":{"start":{"line":142,"column":33},"end":{"line":142,"column":34}},"loc":{"start":{"line":142,"column":47},"end":{"line":165,"column":9}},"line":142},"30":{"name":"(anonymous_30)","decl":{"start":{"line":167,"column":90},"end":{"line":167,"column":91}},"loc":{"start":{"line":167,"column":102},"end":{"line":179,"column":9}},"line":167},"31":{"name":"(anonymous_31)","decl":{"start":{"line":167,"column":144},"end":{"line":167,"column":145}},"loc":{"start":{"line":167,"column":156},"end":{"line":179,"column":5}},"line":167},"32":{"name":"(anonymous_32)","decl":{"start":{"line":169,"column":33},"end":{"line":169,"column":34}},"loc":{"start":{"line":169,"column":47},"end":{"line":178,"column":9}},"line":169},"33":{"name":"(anonymous_33)","decl":{"start":{"line":180,"column":29},"end":{"line":180,"column":30}},"loc":{"start":{"line":180,"column":41},"end":{"line":207,"column":9}},"line":180},"34":{"name":"(anonymous_34)","decl":{"start":{"line":180,"column":83},"end":{"line":180,"column":84}},"loc":{"start":{"line":180,"column":95},"end":{"line":207,"column":5}},"line":180},"35":{"name":"(anonymous_35)","decl":{"start":{"line":182,"column":33},"end":{"line":182,"column":34}},"loc":{"start":{"line":182,"column":47},"end":{"line":206,"column":9}},"line":182},"36":{"name":"(anonymous_36)","decl":{"start":{"line":208,"column":44},"end":{"line":208,"column":45}},"loc":{"start":{"line":208,"column":56},"end":{"line":224,"column":9}},"line":208},"37":{"name":"(anonymous_37)","decl":{"start":{"line":208,"column":98},"end":{"line":208,"column":99}},"loc":{"start":{"line":208,"column":110},"end":{"line":224,"column":5}},"line":208},"38":{"name":"(anonymous_38)","decl":{"start":{"line":209,"column":33},"end":{"line":209,"column":34}},"loc":{"start":{"line":209,"column":47},"end":{"line":223,"column":9}},"line":209}},"branchMap":{"0":{"loc":{"start":{"line":2,"column":16},"end":{"line":9,"column":1}},"type":"binary-expr","locations":[{"start":{"line":2,"column":17},"end":{"line":2,"column":21}},{"start":{"line":2,"column":25},"end":{"line":2,"column":39}},{"start":{"line":2,"column":44},"end":{"line":9,"column":1}}],"line":2},"1":{"loc":{"start":{"line":3,"column":16},"end":{"line":3,"column":34}},"type":"binary-expr","locations":[{"start":{"line":3,"column":16},"end":{"line":3,"column":17}},{"start":{"line":3,"column":22},"end":{"line":3,"column":33}}],"line":3},"2":{"loc":{"start":{"line":6,"column":32},"end":{"line":6,"column":148}},"type":"cond-expr","locations":[{"start":{"line":6,"column":46},"end":{"line":6,"column":67}},{"start":{"line":6,"column":70},"end":{"line":6,"column":148}}],"line":6},"3":{"loc":{"start":{"line":7,"column":51},"end":{"line":7,"column":67}},"type":"binary-expr","locations":[{"start":{"line":7,"column":51},"end":{"line":7,"column":61}},{"start":{"line":7,"column":65},"end":{"line":7,"column":67}}],"line":7},"4":{"loc":{"start":{"line":10,"column":18},"end":{"line":36,"column":1}},"type":"binary-expr","locations":[{"start":{"line":10,"column":19},"end":{"line":10,"column":23}},{"start":{"line":10,"column":27},"end":{"line":10,"column":43}},{"start":{"line":10,"column":48},"end":{"line":36,"column":1}}],"line":10},"5":{"loc":{"start":{"line":11,"column":43},"end":{"line":11,"column":68}},"type":"if","locations":[{"start":{"line":11,"column":43},"end":{"line":11,"column":68}},{"start":{"line":11,"column":43},"end":{"line":11,"column":68}}],"line":11},"6":{"loc":{"start":{"line":12,"column":71},"end":{"line":12,"column":153}},"type":"binary-expr","locations":[{"start":{"line":12,"column":71},"end":{"line":12,"column":99}},{"start":{"line":12,"column":104},"end":{"line":12,"column":152}}],"line":12},"7":{"loc":{"start":{"line":15,"column":8},"end":{"line":15,"column":70}},"type":"if","locations":[{"start":{"line":15,"column":8},"end":{"line":15,"column":70}},{"start":{"line":15,"column":8},"end":{"line":15,"column":70}}],"line":15},"8":{"loc":{"start":{"line":17,"column":12},"end":{"line":17,"column":169}},"type":"if","locations":[{"start":{"line":17,"column":12},"end":{"line":17,"column":169}},{"start":{"line":17,"column":12},"end":{"line":17,"column":169}}],"line":17},"9":{"loc":{"start":{"line":17,"column":23},"end":{"line":17,"column":158}},"type":"binary-expr","locations":[{"start":{"line":17,"column":23},"end":{"line":17,"column":24}},{"start":{"line":17,"column":29},"end":{"line":17,"column":125}},{"start":{"line":17,"column":130},"end":{"line":17,"column":158}}],"line":17},"10":{"loc":{"start":{"line":17,"column":33},"end":{"line":17,"column":125}},"type":"cond-expr","locations":[{"start":{"line":17,"column":45},"end":{"line":17,"column":56}},{"start":{"line":17,"column":59},"end":{"line":17,"column":125}}],"line":17},"11":{"loc":{"start":{"line":17,"column":59},"end":{"line":17,"column":125}},"type":"cond-expr","locations":[{"start":{"line":17,"column":67},"end":{"line":17,"column":116}},{"start":{"line":17,"column":119},"end":{"line":17,"column":125}}],"line":17},"12":{"loc":{"start":{"line":17,"column":67},"end":{"line":17,"column":116}},"type":"binary-expr","locations":[{"start":{"line":17,"column":67},"end":{"line":17,"column":77}},{"start":{"line":17,"column":82},"end":{"line":17,"column":115}}],"line":17},"13":{"loc":{"start":{"line":17,"column":82},"end":{"line":17,"column":112}},"type":"binary-expr","locations":[{"start":{"line":17,"column":83},"end":{"line":17,"column":98}},{"start":{"line":17,"column":103},"end":{"line":17,"column":112}}],"line":17},"14":{"loc":{"start":{"line":18,"column":12},"end":{"line":18,"column":52}},"type":"if","locations":[{"start":{"line":18,"column":12},"end":{"line":18,"column":52}},{"start":{"line":18,"column":12},"end":{"line":18,"column":52}}],"line":18},"15":{"loc":{"start":{"line":19,"column":12},"end":{"line":31,"column":13}},"type":"switch","locations":[{"start":{"line":20,"column":16},"end":{"line":20,"column":23}},{"start":{"line":20,"column":24},"end":{"line":20,"column":46}},{"start":{"line":21,"column":16},"end":{"line":21,"column":72}},{"start":{"line":22,"column":16},"end":{"line":22,"column":65}},{"start":{"line":23,"column":16},"end":{"line":23,"column":65}},{"start":{"line":24,"column":16},"end":{"line":30,"column":43}}],"line":19},"16":{"loc":{"start":{"line":25,"column":20},"end":{"line":25,"column":128}},"type":"if","locations":[{"start":{"line":25,"column":20},"end":{"line":25,"column":128}},{"start":{"line":25,"column":20},"end":{"line":25,"column":128}}],"line":25},"17":{"loc":{"start":{"line":25,"column":24},"end":{"line":25,"column":106}},"type":"binary-expr","locations":[{"start":{"line":25,"column":24},"end":{"line":25,"column":74}},{"start":{"line":25,"column":79},"end":{"line":25,"column":90}},{"start":{"line":25,"column":94},"end":{"line":25,"column":105}}],"line":25},"18":{"loc":{"start":{"line":25,"column":42},"end":{"line":25,"column":73}},"type":"binary-expr","locations":[{"start":{"line":25,"column":42},"end":{"line":25,"column":54}},{"start":{"line":25,"column":58},"end":{"line":25,"column":73}}],"line":25},"19":{"loc":{"start":{"line":26,"column":20},"end":{"line":26,"column":106}},"type":"if","locations":[{"start":{"line":26,"column":20},"end":{"line":26,"column":106}},{"start":{"line":26,"column":20},"end":{"line":26,"column":106}}],"line":26},"20":{"loc":{"start":{"line":26,"column":24},"end":{"line":26,"column":77}},"type":"binary-expr","locations":[{"start":{"line":26,"column":24},"end":{"line":26,"column":35}},{"start":{"line":26,"column":40},"end":{"line":26,"column":42}},{"start":{"line":26,"column":47},"end":{"line":26,"column":59}},{"start":{"line":26,"column":63},"end":{"line":26,"column":75}}],"line":26},"21":{"loc":{"start":{"line":27,"column":20},"end":{"line":27,"column":89}},"type":"if","locations":[{"start":{"line":27,"column":20},"end":{"line":27,"column":89}},{"start":{"line":27,"column":20},"end":{"line":27,"column":89}}],"line":27},"22":{"loc":{"start":{"line":27,"column":24},"end":{"line":27,"column":53}},"type":"binary-expr","locations":[{"start":{"line":27,"column":24},"end":{"line":27,"column":35}},{"start":{"line":27,"column":39},"end":{"line":27,"column":53}}],"line":27},"23":{"loc":{"start":{"line":28,"column":20},"end":{"line":28,"column":87}},"type":"if","locations":[{"start":{"line":28,"column":20},"end":{"line":28,"column":87}},{"start":{"line":28,"column":20},"end":{"line":28,"column":87}}],"line":28},"24":{"loc":{"start":{"line":28,"column":24},"end":{"line":28,"column":43}},"type":"binary-expr","locations":[{"start":{"line":28,"column":24},"end":{"line":28,"column":25}},{"start":{"line":28,"column":29},"end":{"line":28,"column":43}}],"line":28},"25":{"loc":{"start":{"line":29,"column":20},"end":{"line":29,"column":42}},"type":"if","locations":[{"start":{"line":29,"column":20},"end":{"line":29,"column":42}},{"start":{"line":29,"column":20},"end":{"line":29,"column":42}}],"line":29},"26":{"loc":{"start":{"line":34,"column":8},"end":{"line":34,"column":35}},"type":"if","locations":[{"start":{"line":34,"column":8},"end":{"line":34,"column":35}},{"start":{"line":34,"column":8},"end":{"line":34,"column":35}}],"line":34},"27":{"loc":{"start":{"line":34,"column":52},"end":{"line":34,"column":74}},"type":"cond-expr","locations":[{"start":{"line":34,"column":60},"end":{"line":34,"column":65}},{"start":{"line":34,"column":68},"end":{"line":34,"column":74}}],"line":34},"28":{"loc":{"start":{"line":84,"column":12},"end":{"line":93,"column":13}},"type":"switch","locations":[{"start":{"line":85,"column":16},"end":{"line":88,"column":89}},{"start":{"line":89,"column":16},"end":{"line":92,"column":42}}],"line":84},"29":{"loc":{"start":{"line":98,"column":12},"end":{"line":107,"column":13}},"type":"switch","locations":[{"start":{"line":99,"column":16},"end":{"line":101,"column":88}},{"start":{"line":102,"column":16},"end":{"line":106,"column":42}}],"line":98},"30":{"loc":{"start":{"line":112,"column":12},"end":{"line":120,"column":13}},"type":"switch","locations":[{"start":{"line":113,"column":16},"end":{"line":115,"column":88}},{"start":{"line":116,"column":16},"end":{"line":119,"column":42}}],"line":112},"31":{"loc":{"start":{"line":126,"column":12},"end":{"line":137,"column":13}},"type":"switch","locations":[{"start":{"line":127,"column":16},"end":{"line":130,"column":98}},{"start":{"line":131,"column":16},"end":{"line":136,"column":42}}],"line":126},"32":{"loc":{"start":{"line":143,"column":12},"end":{"line":164,"column":13}},"type":"switch","locations":[{"start":{"line":144,"column":16},"end":{"line":158,"column":105}},{"start":{"line":159,"column":16},"end":{"line":163,"column":42}}],"line":143},"33":{"loc":{"start":{"line":170,"column":12},"end":{"line":177,"column":13}},"type":"switch","locations":[{"start":{"line":171,"column":16},"end":{"line":173,"column":98}},{"start":{"line":174,"column":16},"end":{"line":176,"column":42}}],"line":170},"34":{"loc":{"start":{"line":183,"column":12},"end":{"line":205,"column":13}},"type":"switch","locations":[{"start":{"line":184,"column":16},"end":{"line":200,"column":84}},{"start":{"line":201,"column":16},"end":{"line":204,"column":42}}],"line":183},"35":{"loc":{"start":{"line":210,"column":12},"end":{"line":222,"column":13}},"type":"switch","locations":[{"start":{"line":211,"column":16},"end":{"line":217,"column":99}},{"start":{"line":218,"column":16},"end":{"line":221,"column":42}}],"line":210}},"s":{"0":1,"1":4,"2":4,"3":4,"4":1,"5":0,"6":0,"7":0,"8":7,"9":4,"10":4,"11":1,"12":4,"13":4,"14":0,"15":4,"16":4,"17":0,"18":12,"19":8,"20":8,"21":0,"22":8,"23":16,"24":16,"25":0,"26":16,"27":0,"28":16,"29":8,"30":8,"31":4,"32":4,"33":0,"34":0,"35":0,"36":0,"37":0,"38":0,"39":0,"40":4,"41":4,"42":4,"43":0,"44":0,"45":0,"46":0,"47":0,"48":0,"49":0,"50":0,"51":0,"52":0,"53":0,"54":0,"55":0,"56":0,"57":0,"58":8,"59":1,"60":1,"61":16,"62":4,"63":1,"64":3,"65":1,"66":1,"67":1,"68":1,"69":1,"70":1,"71":1,"72":1,"73":1,"74":1,"75":1,"76":1,"77":1,"78":1,"79":1,"80":1,"81":1,"82":1,"83":4,"84":4,"85":4,"86":1,"87":3,"88":1,"89":1,"90":1,"91":2,"92":1,"93":1,"94":1,"95":1,"96":1,"97":1,"98":1,"99":1,"100":1,"101":2,"102":1,"103":1,"104":1,"105":1,"106":1,"107":1,"108":1,"109":1,"110":1,"111":2,"112":1,"113":1,"114":1,"115":1,"116":1,"117":1,"118":1,"119":1,"120":2,"121":1,"122":1,"123":1,"124":1,"125":1,"126":1,"127":1,"128":0,"129":1,"130":0,"131":0,"132":0,"133":0,"134":0,"135":0,"136":0,"137":0,"138":0,"139":0,"140":0,"141":0,"142":1,"143":0,"144":0,"145":0,"146":0,"147":0,"148":0,"149":0,"150":1,"151":0,"152":0,"153":0,"154":0,"155":0,"156":0,"157":0,"158":0,"159":0,"160":0,"161":0,"162":1,"163":0,"164":0,"165":0,"166":0,"167":0,"168":0,"169":0,"170":0,"171":0,"172":0},"f":{"0":4,"1":4,"2":4,"3":0,"4":7,"5":4,"6":4,"7":4,"8":0,"9":12,"10":8,"11":8,"12":1,"13":4,"14":3,"15":1,"16":1,"17":2,"18":1,"19":1,"20":2,"21":1,"22":1,"23":2,"24":1,"25":1,"26":2,"27":0,"28":0,"29":0,"30":0,"31":0,"32":0,"33":0,"34":0,"35":0,"36":0,"37":0,"38":0},"b":{"0":[1,1,1],"1":[4,4],"2":[3,4],"3":[4,4],"4":[1,1,1],"5":[0,4],"6":[4,4],"7":[0,8],"8":[0,16],"9":[16,0,0],"10":[0,0],"11":[0,0],"12":[0,0],"13":[0,0],"14":[0,16],"15":[8,8,4,0,0,4],"16":[4,0],"17":[4,4,3],"18":[4,0],"19":[0,0],"20":[0,0,0,0],"21":[0,0],"22":[0,0],"23":[0,0],"24":[0,0],"25":[0,0],"26":[1,3],"27":[3,0],"28":[1,1],"29":[1,1],"30":[1,1],"31":[1,1],"32":[0,0],"33":[0,0],"34":[0,0],"35":[0,0]},"_coverageSchema":"43e27e138ebf9cfc5966b082cf9a028302ed4184","hash":"93454699070639cb8af6e1e61c032dfcea9a521c","contentHash":"95013c2ca38677141ca47286c0f33f3a07548ec2298c147e787f87c89f5291b2"},"/home/alan/Cloud/workspaces/prd-pui-manager/api/accounts/index.ts":{"path":"/home/alan/Cloud/workspaces/prd-pui-manager/api/accounts/index.ts","statementMap":{"0":{"start":{"line":2,"column":16},"end":{"line":9,"column":1}},"1":{"start":{"line":3,"column":4},"end":{"line":8,"column":7}},"2":{"start":{"line":4,"column":36},"end":{"line":4,"column":97}},"3":{"start":{"line":4,"column":42},"end":{"line":4,"column":70}},"4":{"start":{"line":4,"column":85},"end":{"line":4,"column":95}},"5":{"start":{"line":5,"column":35},"end":{"line":5,"column":100}},"6":{"start":{"line":5,"column":41},"end":{"line":5,"column":73}},"7":{"start":{"line":5,"column":88},"end":{"line":5,"column":98}},"8":{"start":{"line":6,"column":32},"end":{"line":6,"column":149}},"9":{"start":{"line":6,"column":97},"end":{"line":6,"column":119}},"10":{"start":{"line":7,"column":8},"end":{"line":7,"column":78}},"11":{"start":{"line":10,"column":18},"end":{"line":36,"column":1}},"12":{"start":{"line":11,"column":12},"end":{"line":11,"column":104}},"13":{"start":{"line":11,"column":43},"end":{"line":11,"column":68}},"14":{"start":{"line":11,"column":57},"end":{"line":11,"column":68}},"15":{"start":{"line":11,"column":69},"end":{"line":11,"column":81}},"16":{"start":{"line":12,"column":4},"end":{"line":12,"column":157}},"17":{"start":{"line":12,"column":138},"end":{"line":12,"column":150}},"18":{"start":{"line":13,"column":23},"end":{"line":13,"column":68}},"19":{"start":{"line":13,"column":45},"end":{"line":13,"column":65}},"20":{"start":{"line":15,"column":8},"end":{"line":15,"column":70}},"21":{"start":{"line":15,"column":15},"end":{"line":15,"column":70}},"22":{"start":{"line":16,"column":8},"end":{"line":33,"column":66}},"23":{"start":{"line":16,"column":18},"end":{"line":33,"column":66}},"24":{"start":{"line":17,"column":12},"end":{"line":17,"column":169}},"25":{"start":{"line":17,"column":160},"end":{"line":17,"column":169}},"26":{"start":{"line":18,"column":12},"end":{"line":18,"column":52}},"27":{"start":{"line":18,"column":26},"end":{"line":18,"column":52}},"28":{"start":{"line":19,"column":12},"end":{"line":31,"column":13}},"29":{"start":{"line":20,"column":32},"end":{"line":20,"column":39}},"30":{"start":{"line":20,"column":40},"end":{"line":20,"column":46}},"31":{"start":{"line":21,"column":24},"end":{"line":21,"column":34}},"32":{"start":{"line":21,"column":35},"end":{"line":21,"column":72}},"33":{"start":{"line":22,"column":24},"end":{"line":22,"column":34}},"34":{"start":{"line":22,"column":35},"end":{"line":22,"column":45}},"35":{"start":{"line":22,"column":46},"end":{"line":22,"column":55}},"36":{"start":{"line":22,"column":56},"end":{"line":22,"column":65}},"37":{"start":{"line":23,"column":24},"end":{"line":23,"column":41}},"38":{"start":{"line":23,"column":42},"end":{"line":23,"column":55}},"39":{"start":{"line":23,"column":56},"end":{"line":23,"column":65}},"40":{"start":{"line":25,"column":20},"end":{"line":25,"column":128}},"41":{"start":{"line":25,"column":110},"end":{"line":25,"column":116}},"42":{"start":{"line":25,"column":117},"end":{"line":25,"column":126}},"43":{"start":{"line":26,"column":20},"end":{"line":26,"column":106}},"44":{"start":{"line":26,"column":81},"end":{"line":26,"column":97}},"45":{"start":{"line":26,"column":98},"end":{"line":26,"column":104}},"46":{"start":{"line":27,"column":20},"end":{"line":27,"column":89}},"47":{"start":{"line":27,"column":57},"end":{"line":27,"column":72}},"48":{"start":{"line":27,"column":73},"end":{"line":27,"column":80}},"49":{"start":{"line":27,"column":81},"end":{"line":27,"column":87}},"50":{"start":{"line":28,"column":20},"end":{"line":28,"column":87}},"51":{"start":{"line":28,"column":47},"end":{"line":28,"column":62}},"52":{"start":{"line":28,"column":63},"end":{"line":28,"column":78}},"53":{"start":{"line":28,"column":79},"end":{"line":28,"column":85}},"54":{"start":{"line":29,"column":20},"end":{"line":29,"column":42}},"55":{"start":{"line":29,"column":30},"end":{"line":29,"column":42}},"56":{"start":{"line":30,"column":20},"end":{"line":30,"column":33}},"57":{"start":{"line":30,"column":34},"end":{"line":30,"column":43}},"58":{"start":{"line":32,"column":12},"end":{"line":32,"column":39}},"59":{"start":{"line":33,"column":22},"end":{"line":33,"column":34}},"60":{"start":{"line":33,"column":35},"end":{"line":33,"column":41}},"61":{"start":{"line":33,"column":54},"end":{"line":33,"column":64}},"62":{"start":{"line":34,"column":8},"end":{"line":34,"column":35}},"63":{"start":{"line":34,"column":23},"end":{"line":34,"column":35}},"64":{"start":{"line":34,"column":36},"end":{"line":34,"column":89}},"65":{"start":{"line":37,"column":0},"end":{"line":37,"column":62}},"66":{"start":{"line":38,"column":14},"end":{"line":38,"column":32}},"67":{"start":{"line":39,"column":13},"end":{"line":39,"column":30}},"68":{"start":{"line":40,"column":15},"end":{"line":40,"column":39}},"69":{"start":{"line":41,"column":13},"end":{"line":41,"column":35}},"70":{"start":{"line":42,"column":16},"end":{"line":42,"column":46}},"71":{"start":{"line":43,"column":24},"end":{"line":43,"column":62}},"72":{"start":{"line":44,"column":13},"end":{"line":44,"column":37}},"73":{"start":{"line":45,"column":0},"end":{"line":45,"column":40}},"74":{"start":{"line":46,"column":0},"end":{"line":46,"column":55}},"75":{"start":{"line":48,"column":4},"end":{"line":55,"column":7}},"76":{"start":{"line":49,"column":8},"end":{"line":54,"column":11}},"77":{"start":{"line":50,"column":12},"end":{"line":53,"column":13}},"78":{"start":{"line":51,"column":24},"end":{"line":51,"column":240}},"79":{"start":{"line":52,"column":24},"end":{"line":52,"column":57}},"80":{"start":{"line":57,"column":0},"end":{"line":57,"column":58}},"81":{"start":{"line":59,"column":4},"end":{"line":72,"column":7}},"82":{"start":{"line":61,"column":8},"end":{"line":71,"column":11}},"83":{"start":{"line":62,"column":12},"end":{"line":70,"column":13}},"84":{"start":{"line":63,"column":24},"end":{"line":63,"column":85}},"85":{"start":{"line":65,"column":20},"end":{"line":65,"column":41}},"86":{"start":{"line":66,"column":20},"end":{"line":68,"column":21}},"87":{"start":{"line":67,"column":24},"end":{"line":67,"column":43}},"88":{"start":{"line":69,"column":20},"end":{"line":69,"column":42}},"89":{"start":{"line":74,"column":0},"end":{"line":74,"column":56}},"90":{"start":{"line":76,"column":4},"end":{"line":90,"column":7}},"91":{"start":{"line":78,"column":8},"end":{"line":89,"column":11}},"92":{"start":{"line":79,"column":12},"end":{"line":88,"column":13}},"93":{"start":{"line":80,"column":24},"end":{"line":80,"column":85}},"94":{"start":{"line":82,"column":20},"end":{"line":82,"column":41}},"95":{"start":{"line":83,"column":20},"end":{"line":86,"column":21}},"96":{"start":{"line":83,"column":72},"end":{"line":83,"column":115}},"97":{"start":{"line":84,"column":24},"end":{"line":84,"column":89}},"98":{"start":{"line":85,"column":24},"end":{"line":85,"column":53}},"99":{"start":{"line":87,"column":20},"end":{"line":87,"column":70}},"100":{"start":{"line":92,"column":0},"end":{"line":92,"column":76}},"101":{"start":{"line":94,"column":4},"end":{"line":112,"column":7}},"102":{"start":{"line":96,"column":8},"end":{"line":111,"column":11}},"103":{"start":{"line":97,"column":12},"end":{"line":110,"column":13}},"104":{"start":{"line":98,"column":24},"end":{"line":98,"column":94}},"105":{"start":{"line":100,"column":20},"end":{"line":100,"column":43}},"106":{"start":{"line":101,"column":20},"end":{"line":101,"column":61}},"107":{"start":{"line":101,"column":37},"end":{"line":101,"column":61}},"108":{"start":{"line":102,"column":20},"end":{"line":102,"column":185}},"109":{"start":{"line":104,"column":20},"end":{"line":104,"column":41}},"110":{"start":{"line":105,"column":20},"end":{"line":107,"column":21}},"111":{"start":{"line":106,"column":24},"end":{"line":106,"column":48}},"112":{"start":{"line":108,"column":20},"end":{"line":108,"column":33}},"113":{"start":{"line":109,"column":24},"end":{"line":109,"column":46}},"114":{"start":{"line":114,"column":0},"end":{"line":114,"column":48}},"115":{"start":{"line":116,"column":4},"end":{"line":134,"column":7}},"116":{"start":{"line":118,"column":8},"end":{"line":133,"column":11}},"117":{"start":{"line":119,"column":12},"end":{"line":132,"column":13}},"118":{"start":{"line":120,"column":24},"end":{"line":120,"column":94}},"119":{"start":{"line":122,"column":20},"end":{"line":122,"column":43}},"120":{"start":{"line":123,"column":20},"end":{"line":123,"column":61}},"121":{"start":{"line":123,"column":37},"end":{"line":123,"column":61}},"122":{"start":{"line":124,"column":20},"end":{"line":124,"column":195}},"123":{"start":{"line":126,"column":20},"end":{"line":126,"column":41}},"124":{"start":{"line":127,"column":20},"end":{"line":129,"column":21}},"125":{"start":{"line":128,"column":24},"end":{"line":128,"column":48}},"126":{"start":{"line":130,"column":20},"end":{"line":130,"column":33}},"127":{"start":{"line":131,"column":24},"end":{"line":131,"column":46}},"128":{"start":{"line":136,"column":0},"end":{"line":136,"column":78}},"129":{"start":{"line":138,"column":0},"end":{"line":138,"column":52}},"130":{"start":{"line":140,"column":0},"end":{"line":140,"column":47}},"131":{"start":{"line":141,"column":0},"end":{"line":141,"column":75}},"132":{"start":{"line":142,"column":0},"end":{"line":142,"column":33}}},"fnMap":{"0":{"name":"(anonymous_0)","decl":{"start":{"line":2,"column":44},"end":{"line":2,"column":45}},"loc":{"start":{"line":2,"column":89},"end":{"line":9,"column":1}},"line":2},"1":{"name":"(anonymous_1)","decl":{"start":{"line":3,"column":36},"end":{"line":3,"column":37}},"loc":{"start":{"line":3,"column":63},"end":{"line":8,"column":5}},"line":3},"2":{"name":"fulfilled","decl":{"start":{"line":4,"column":17},"end":{"line":4,"column":26}},"loc":{"start":{"line":4,"column":34},"end":{"line":4,"column":99}},"line":4},"3":{"name":"rejected","decl":{"start":{"line":5,"column":17},"end":{"line":5,"column":25}},"loc":{"start":{"line":5,"column":33},"end":{"line":5,"column":102}},"line":5},"4":{"name":"step","decl":{"start":{"line":6,"column":17},"end":{"line":6,"column":21}},"loc":{"start":{"line":6,"column":30},"end":{"line":6,"column":151}},"line":6},"5":{"name":"(anonymous_5)","decl":{"start":{"line":6,"column":76},"end":{"line":6,"column":77}},"loc":{"start":{"line":6,"column":95},"end":{"line":6,"column":121}},"line":6},"6":{"name":"(anonymous_6)","decl":{"start":{"line":10,"column":48},"end":{"line":10,"column":49}},"loc":{"start":{"line":10,"column":73},"end":{"line":36,"column":1}},"line":10},"7":{"name":"(anonymous_7)","decl":{"start":{"line":11,"column":30},"end":{"line":11,"column":31}},"loc":{"start":{"line":11,"column":41},"end":{"line":11,"column":83}},"line":11},"8":{"name":"(anonymous_8)","decl":{"start":{"line":12,"column":125},"end":{"line":12,"column":126}},"loc":{"start":{"line":12,"column":136},"end":{"line":12,"column":152}},"line":12},"9":{"name":"verb","decl":{"start":{"line":13,"column":13},"end":{"line":13,"column":17}},"loc":{"start":{"line":13,"column":21},"end":{"line":13,"column":70}},"line":13},"10":{"name":"(anonymous_10)","decl":{"start":{"line":13,"column":30},"end":{"line":13,"column":31}},"loc":{"start":{"line":13,"column":43},"end":{"line":13,"column":67}},"line":13},"11":{"name":"step","decl":{"start":{"line":14,"column":13},"end":{"line":14,"column":17}},"loc":{"start":{"line":14,"column":22},"end":{"line":35,"column":5}},"line":14},"12":{"name":"accountsForOrganisation","decl":{"start":{"line":47,"column":9},"end":{"line":47,"column":32}},"loc":{"start":{"line":47,"column":43},"end":{"line":56,"column":1}},"line":47},"13":{"name":"(anonymous_13)","decl":{"start":{"line":48,"column":44},"end":{"line":48,"column":45}},"loc":{"start":{"line":48,"column":56},"end":{"line":55,"column":5}},"line":48},"14":{"name":"(anonymous_14)","decl":{"start":{"line":49,"column":33},"end":{"line":49,"column":34}},"loc":{"start":{"line":49,"column":47},"end":{"line":54,"column":9}},"line":49},"15":{"name":"handleAccountPbasRoute","decl":{"start":{"line":58,"column":9},"end":{"line":58,"column":31}},"loc":{"start":{"line":58,"column":42},"end":{"line":73,"column":1}},"line":58},"16":{"name":"(anonymous_16)","decl":{"start":{"line":59,"column":43},"end":{"line":59,"column":44}},"loc":{"start":{"line":59,"column":55},"end":{"line":72,"column":5}},"line":59},"17":{"name":"(anonymous_17)","decl":{"start":{"line":61,"column":33},"end":{"line":61,"column":34}},"loc":{"start":{"line":61,"column":47},"end":{"line":71,"column":9}},"line":61},"18":{"name":"validatePBANumberForOrganisation","decl":{"start":{"line":75,"column":9},"end":{"line":75,"column":41}},"loc":{"start":{"line":75,"column":52},"end":{"line":91,"column":1}},"line":75},"19":{"name":"(anonymous_19)","decl":{"start":{"line":76,"column":44},"end":{"line":76,"column":45}},"loc":{"start":{"line":76,"column":56},"end":{"line":90,"column":5}},"line":76},"20":{"name":"(anonymous_20)","decl":{"start":{"line":78,"column":33},"end":{"line":78,"column":34}},"loc":{"start":{"line":78,"column":47},"end":{"line":89,"column":9}},"line":78},"21":{"name":"(anonymous_21)","decl":{"start":{"line":83,"column":51},"end":{"line":83,"column":52}},"loc":{"start":{"line":83,"column":70},"end":{"line":83,"column":117}},"line":83},"22":{"name":"handleAccountRoute","decl":{"start":{"line":93,"column":9},"end":{"line":93,"column":27}},"loc":{"start":{"line":93,"column":38},"end":{"line":113,"column":1}},"line":93},"23":{"name":"(anonymous_23)","decl":{"start":{"line":94,"column":43},"end":{"line":94,"column":44}},"loc":{"start":{"line":94,"column":55},"end":{"line":112,"column":5}},"line":94},"24":{"name":"(anonymous_24)","decl":{"start":{"line":96,"column":33},"end":{"line":96,"column":34}},"loc":{"start":{"line":96,"column":47},"end":{"line":111,"column":9}},"line":96},"25":{"name":"handleAccountPbaTransactionsRoute","decl":{"start":{"line":115,"column":9},"end":{"line":115,"column":42}},"loc":{"start":{"line":115,"column":53},"end":{"line":135,"column":1}},"line":115},"26":{"name":"(anonymous_26)","decl":{"start":{"line":116,"column":43},"end":{"line":116,"column":44}},"loc":{"start":{"line":116,"column":55},"end":{"line":134,"column":5}},"line":116},"27":{"name":"(anonymous_27)","decl":{"start":{"line":118,"column":33},"end":{"line":118,"column":34}},"loc":{"start":{"line":118,"column":47},"end":{"line":133,"column":9}},"line":118}},"branchMap":{"0":{"loc":{"start":{"line":2,"column":16},"end":{"line":9,"column":1}},"type":"binary-expr","locations":[{"start":{"line":2,"column":17},"end":{"line":2,"column":21}},{"start":{"line":2,"column":25},"end":{"line":2,"column":39}},{"start":{"line":2,"column":44},"end":{"line":9,"column":1}}],"line":2},"1":{"loc":{"start":{"line":3,"column":16},"end":{"line":3,"column":34}},"type":"binary-expr","locations":[{"start":{"line":3,"column":16},"end":{"line":3,"column":17}},{"start":{"line":3,"column":22},"end":{"line":3,"column":33}}],"line":3},"2":{"loc":{"start":{"line":6,"column":32},"end":{"line":6,"column":148}},"type":"cond-expr","locations":[{"start":{"line":6,"column":46},"end":{"line":6,"column":67}},{"start":{"line":6,"column":70},"end":{"line":6,"column":148}}],"line":6},"3":{"loc":{"start":{"line":7,"column":51},"end":{"line":7,"column":67}},"type":"binary-expr","locations":[{"start":{"line":7,"column":51},"end":{"line":7,"column":61}},{"start":{"line":7,"column":65},"end":{"line":7,"column":67}}],"line":7},"4":{"loc":{"start":{"line":10,"column":18},"end":{"line":36,"column":1}},"type":"binary-expr","locations":[{"start":{"line":10,"column":19},"end":{"line":10,"column":23}},{"start":{"line":10,"column":27},"end":{"line":10,"column":43}},{"start":{"line":10,"column":48},"end":{"line":36,"column":1}}],"line":10},"5":{"loc":{"start":{"line":11,"column":43},"end":{"line":11,"column":68}},"type":"if","locations":[{"start":{"line":11,"column":43},"end":{"line":11,"column":68}},{"start":{"line":11,"column":43},"end":{"line":11,"column":68}}],"line":11},"6":{"loc":{"start":{"line":12,"column":71},"end":{"line":12,"column":153}},"type":"binary-expr","locations":[{"start":{"line":12,"column":71},"end":{"line":12,"column":99}},{"start":{"line":12,"column":104},"end":{"line":12,"column":152}}],"line":12},"7":{"loc":{"start":{"line":15,"column":8},"end":{"line":15,"column":70}},"type":"if","locations":[{"start":{"line":15,"column":8},"end":{"line":15,"column":70}},{"start":{"line":15,"column":8},"end":{"line":15,"column":70}}],"line":15},"8":{"loc":{"start":{"line":17,"column":12},"end":{"line":17,"column":169}},"type":"if","locations":[{"start":{"line":17,"column":12},"end":{"line":17,"column":169}},{"start":{"line":17,"column":12},"end":{"line":17,"column":169}}],"line":17},"9":{"loc":{"start":{"line":17,"column":23},"end":{"line":17,"column":158}},"type":"binary-expr","locations":[{"start":{"line":17,"column":23},"end":{"line":17,"column":24}},{"start":{"line":17,"column":29},"end":{"line":17,"column":125}},{"start":{"line":17,"column":130},"end":{"line":17,"column":158}}],"line":17},"10":{"loc":{"start":{"line":17,"column":33},"end":{"line":17,"column":125}},"type":"cond-expr","locations":[{"start":{"line":17,"column":45},"end":{"line":17,"column":56}},{"start":{"line":17,"column":59},"end":{"line":17,"column":125}}],"line":17},"11":{"loc":{"start":{"line":17,"column":59},"end":{"line":17,"column":125}},"type":"cond-expr","locations":[{"start":{"line":17,"column":67},"end":{"line":17,"column":116}},{"start":{"line":17,"column":119},"end":{"line":17,"column":125}}],"line":17},"12":{"loc":{"start":{"line":17,"column":67},"end":{"line":17,"column":116}},"type":"binary-expr","locations":[{"start":{"line":17,"column":67},"end":{"line":17,"column":77}},{"start":{"line":17,"column":82},"end":{"line":17,"column":115}}],"line":17},"13":{"loc":{"start":{"line":17,"column":82},"end":{"line":17,"column":112}},"type":"binary-expr","locations":[{"start":{"line":17,"column":83},"end":{"line":17,"column":98}},{"start":{"line":17,"column":103},"end":{"line":17,"column":112}}],"line":17},"14":{"loc":{"start":{"line":18,"column":12},"end":{"line":18,"column":52}},"type":"if","locations":[{"start":{"line":18,"column":12},"end":{"line":18,"column":52}},{"start":{"line":18,"column":12},"end":{"line":18,"column":52}}],"line":18},"15":{"loc":{"start":{"line":19,"column":12},"end":{"line":31,"column":13}},"type":"switch","locations":[{"start":{"line":20,"column":16},"end":{"line":20,"column":23}},{"start":{"line":20,"column":24},"end":{"line":20,"column":46}},{"start":{"line":21,"column":16},"end":{"line":21,"column":72}},{"start":{"line":22,"column":16},"end":{"line":22,"column":65}},{"start":{"line":23,"column":16},"end":{"line":23,"column":65}},{"start":{"line":24,"column":16},"end":{"line":30,"column":43}}],"line":19},"16":{"loc":{"start":{"line":25,"column":20},"end":{"line":25,"column":128}},"type":"if","locations":[{"start":{"line":25,"column":20},"end":{"line":25,"column":128}},{"start":{"line":25,"column":20},"end":{"line":25,"column":128}}],"line":25},"17":{"loc":{"start":{"line":25,"column":24},"end":{"line":25,"column":106}},"type":"binary-expr","locations":[{"start":{"line":25,"column":24},"end":{"line":25,"column":74}},{"start":{"line":25,"column":79},"end":{"line":25,"column":90}},{"start":{"line":25,"column":94},"end":{"line":25,"column":105}}],"line":25},"18":{"loc":{"start":{"line":25,"column":42},"end":{"line":25,"column":73}},"type":"binary-expr","locations":[{"start":{"line":25,"column":42},"end":{"line":25,"column":54}},{"start":{"line":25,"column":58},"end":{"line":25,"column":73}}],"line":25},"19":{"loc":{"start":{"line":26,"column":20},"end":{"line":26,"column":106}},"type":"if","locations":[{"start":{"line":26,"column":20},"end":{"line":26,"column":106}},{"start":{"line":26,"column":20},"end":{"line":26,"column":106}}],"line":26},"20":{"loc":{"start":{"line":26,"column":24},"end":{"line":26,"column":77}},"type":"binary-expr","locations":[{"start":{"line":26,"column":24},"end":{"line":26,"column":35}},{"start":{"line":26,"column":40},"end":{"line":26,"column":42}},{"start":{"line":26,"column":47},"end":{"line":26,"column":59}},{"start":{"line":26,"column":63},"end":{"line":26,"column":75}}],"line":26},"21":{"loc":{"start":{"line":27,"column":20},"end":{"line":27,"column":89}},"type":"if","locations":[{"start":{"line":27,"column":20},"end":{"line":27,"column":89}},{"start":{"line":27,"column":20},"end":{"line":27,"column":89}}],"line":27},"22":{"loc":{"start":{"line":27,"column":24},"end":{"line":27,"column":53}},"type":"binary-expr","locations":[{"start":{"line":27,"column":24},"end":{"line":27,"column":35}},{"start":{"line":27,"column":39},"end":{"line":27,"column":53}}],"line":27},"23":{"loc":{"start":{"line":28,"column":20},"end":{"line":28,"column":87}},"type":"if","locations":[{"start":{"line":28,"column":20},"end":{"line":28,"column":87}},{"start":{"line":28,"column":20},"end":{"line":28,"column":87}}],"line":28},"24":{"loc":{"start":{"line":28,"column":24},"end":{"line":28,"column":43}},"type":"binary-expr","locations":[{"start":{"line":28,"column":24},"end":{"line":28,"column":25}},{"start":{"line":28,"column":29},"end":{"line":28,"column":43}}],"line":28},"25":{"loc":{"start":{"line":29,"column":20},"end":{"line":29,"column":42}},"type":"if","locations":[{"start":{"line":29,"column":20},"end":{"line":29,"column":42}},{"start":{"line":29,"column":20},"end":{"line":29,"column":42}}],"line":29},"26":{"loc":{"start":{"line":34,"column":8},"end":{"line":34,"column":35}},"type":"if","locations":[{"start":{"line":34,"column":8},"end":{"line":34,"column":35}},{"start":{"line":34,"column":8},"end":{"line":34,"column":35}}],"line":34},"27":{"loc":{"start":{"line":34,"column":52},"end":{"line":34,"column":74}},"type":"cond-expr","locations":[{"start":{"line":34,"column":60},"end":{"line":34,"column":65}},{"start":{"line":34,"column":68},"end":{"line":34,"column":74}}],"line":34},"28":{"loc":{"start":{"line":50,"column":12},"end":{"line":53,"column":13}},"type":"switch","locations":[{"start":{"line":51,"column":16},"end":{"line":51,"column":240}},{"start":{"line":52,"column":16},"end":{"line":52,"column":57}}],"line":50},"29":{"loc":{"start":{"line":62,"column":12},"end":{"line":70,"column":13}},"type":"switch","locations":[{"start":{"line":63,"column":16},"end":{"line":63,"column":85}},{"start":{"line":64,"column":16},"end":{"line":69,"column":42}}],"line":62},"30":{"loc":{"start":{"line":66,"column":20},"end":{"line":68,"column":21}},"type":"if","locations":[{"start":{"line":66,"column":20},"end":{"line":68,"column":21}},{"start":{"line":66,"column":20},"end":{"line":68,"column":21}}],"line":66},"31":{"loc":{"start":{"line":79,"column":12},"end":{"line":88,"column":13}},"type":"switch","locations":[{"start":{"line":80,"column":16},"end":{"line":80,"column":85}},{"start":{"line":81,"column":16},"end":{"line":87,"column":70}}],"line":79},"32":{"loc":{"start":{"line":83,"column":20},"end":{"line":86,"column":21}},"type":"if","locations":[{"start":{"line":83,"column":20},"end":{"line":86,"column":21}},{"start":{"line":83,"column":20},"end":{"line":86,"column":21}}],"line":83},"33":{"loc":{"start":{"line":83,"column":24},"end":{"line":83,"column":118}},"type":"binary-expr","locations":[{"start":{"line":83,"column":24},"end":{"line":83,"column":32}},{"start":{"line":83,"column":36},"end":{"line":83,"column":118}}],"line":83},"34":{"loc":{"start":{"line":87,"column":42},"end":{"line":87,"column":68}},"type":"binary-expr","locations":[{"start":{"line":87,"column":42},"end":{"line":87,"column":59}},{"start":{"line":87,"column":63},"end":{"line":87,"column":68}}],"line":87},"35":{"loc":{"start":{"line":97,"column":12},"end":{"line":110,"column":13}},"type":"switch","locations":[{"start":{"line":98,"column":16},"end":{"line":98,"column":94}},{"start":{"line":99,"column":16},"end":{"line":102,"column":185}},{"start":{"line":103,"column":16},"end":{"line":108,"column":33}},{"start":{"line":109,"column":16},"end":{"line":109,"column":46}}],"line":97},"36":{"loc":{"start":{"line":101,"column":20},"end":{"line":101,"column":61}},"type":"if","locations":[{"start":{"line":101,"column":20},"end":{"line":101,"column":61}},{"start":{"line":101,"column":20},"end":{"line":101,"column":61}}],"line":101},"37":{"loc":{"start":{"line":105,"column":20},"end":{"line":107,"column":21}},"type":"if","locations":[{"start":{"line":105,"column":20},"end":{"line":107,"column":21}},{"start":{"line":105,"column":20},"end":{"line":107,"column":21}}],"line":105},"38":{"loc":{"start":{"line":119,"column":12},"end":{"line":132,"column":13}},"type":"switch","locations":[{"start":{"line":120,"column":16},"end":{"line":120,"column":94}},{"start":{"line":121,"column":16},"end":{"line":124,"column":195}},{"start":{"line":125,"column":16},"end":{"line":130,"column":33}},{"start":{"line":131,"column":16},"end":{"line":131,"column":46}}],"line":119},"39":{"loc":{"start":{"line":123,"column":20},"end":{"line":123,"column":61}},"type":"if","locations":[{"start":{"line":123,"column":20},"end":{"line":123,"column":61}},{"start":{"line":123,"column":20},"end":{"line":123,"column":61}}],"line":123},"40":{"loc":{"start":{"line":127,"column":20},"end":{"line":129,"column":21}},"type":"if","locations":[{"start":{"line":127,"column":20},"end":{"line":129,"column":21}},{"start":{"line":127,"column":20},"end":{"line":129,"column":21}}],"line":127}},"s":{"0":1,"1":4,"2":4,"3":4,"4":0,"5":0,"6":0,"7":0,"8":8,"9":4,"10":4,"11":1,"12":4,"13":4,"14":0,"15":4,"16":4,"17":0,"18":12,"19":8,"20":8,"21":0,"22":8,"23":16,"24":16,"25":0,"26":16,"27":0,"28":16,"29":8,"30":8,"31":4,"32":4,"33":0,"34":0,"35":0,"36":0,"37":0,"38":0,"39":0,"40":4,"41":4,"42":4,"43":0,"44":0,"45":0,"46":0,"47":0,"48":0,"49":0,"50":0,"51":0,"52":0,"53":0,"54":0,"55":0,"56":0,"57":0,"58":8,"59":0,"60":0,"61":16,"62":4,"63":0,"64":4,"65":1,"66":1,"67":1,"68":1,"69":1,"70":1,"71":1,"72":1,"73":1,"74":1,"75":1,"76":1,"77":2,"78":1,"79":1,"80":1,"81":2,"82":2,"83":4,"84":2,"85":2,"86":2,"87":1,"88":2,"89":1,"90":1,"91":1,"92":2,"93":1,"94":1,"95":1,"96":1,"97":1,"98":1,"99":0,"100":1,"101":0,"102":0,"103":0,"104":0,"105":0,"106":0,"107":0,"108":0,"109":0,"110":0,"111":0,"112":0,"113":0,"114":1,"115":0,"116":0,"117":0,"118":0,"119":0,"120":0,"121":0,"122":0,"123":0,"124":0,"125":0,"126":0,"127":0,"128":1,"129":1,"130":1,"131":1,"132":1},"f":{"0":4,"1":4,"2":4,"3":0,"4":8,"5":4,"6":4,"7":4,"8":0,"9":12,"10":8,"11":8,"12":1,"13":1,"14":2,"15":2,"16":2,"17":4,"18":1,"19":1,"20":2,"21":1,"22":0,"23":0,"24":0,"25":0,"26":0,"27":0},"b":{"0":[1,1,1],"1":[4,2],"2":[4,4],"3":[4,4],"4":[1,1,1],"5":[0,4],"6":[4,4],"7":[0,8],"8":[0,16],"9":[16,0,0],"10":[0,0],"11":[0,0],"12":[0,0],"13":[0,0],"14":[0,16],"15":[8,8,4,0,0,4],"16":[4,0],"17":[4,4,4],"18":[4,0],"19":[0,0],"20":[0,0,0,0],"21":[0,0],"22":[0,0],"23":[0,0],"24":[0,0],"25":[0,0],"26":[0,4],"27":[4,0],"28":[1,1],"29":[2,2],"30":[1,1],"31":[1,1],"32":[1,0],"33":[1,1],"34":[0,0],"35":[0,0,0,0],"36":[0,0],"37":[0,0],"38":[0,0,0,0],"39":[0,0],"40":[0,0]},"_coverageSchema":"43e27e138ebf9cfc5966b082cf9a028302ed4184","hash":"690f13be65a870c37f4a159e5abc644cce33e637","contentHash":"f39110d378781fc147eac3c5a10d8349d9dfae9eb59075bd6c632354dc08b7b0"},"/home/alan/Cloud/workspaces/prd-pui-manager/api/lib/config.ts":{"path":"/home/alan/Cloud/workspaces/prd-pui-manager/api/lib/config.ts","statementMap":{"0":{"start":{"line":2,"column":0},"end":{"line":2,"column":62}},"1":{"start":{"line":3,"column":0},"end":{"line":36,"column":2}}},"fnMap":{},"branchMap":{},"s":{"0":1,"1":1},"f":{},"b":{},"_coverageSchema":"43e27e138ebf9cfc5966b082cf9a028302ed4184","hash":"0e9ede8a79eb020098ee4407f45daac1837c1daa","contentHash":"a0a2ddb5dc2f15a1b51968bc136ebc43c050cf6738d98344f5b2af07ff6aa25b"},"/home/alan/Cloud/workspaces/prd-pui-manager/api/lib/util.ts":{"path":"/home/alan/Cloud/workspaces/prd-pui-manager/api/lib/util.ts","statementMap":{"0":{"start":{"line":2,"column":0},"end":{"line":2,"column":62}},"1":{"start":{"line":4,"column":4},"end":{"line":4,"column":55}},"2":{"start":{"line":4,"column":34},"end":{"line":4,"column":53}},"3":{"start":{"line":5,"column":4},"end":{"line":16,"column":7}},"4":{"start":{"line":7,"column":8},"end":{"line":7,"column":20}},"5":{"start":{"line":10,"column":18},"end":{"line":10,"column":30}},"6":{"start":{"line":11,"column":8},"end":{"line":11,"column":26}},"7":{"start":{"line":12,"column":8},"end":{"line":14,"column":9}},"8":{"start":{"line":13,"column":12},"end":{"line":13,"column":56}},"9":{"start":{"line":15,"column":8},"end":{"line":15,"column":20}},"10":{"start":{"line":18,"column":0},"end":{"line":18,"column":48}},"11":{"start":{"line":20,"column":4},"end":{"line":27,"column":5}},"12":{"start":{"line":21,"column":8},"end":{"line":26,"column":9}},"13":{"start":{"line":22,"column":25},"end":{"line":22,"column":47}},"14":{"start":{"line":23,"column":12},"end":{"line":25,"column":13}},"15":{"start":{"line":24,"column":16},"end":{"line":24,"column":30}},"16":{"start":{"line":28,"column":4},"end":{"line":28,"column":16}},"17":{"start":{"line":30,"column":0},"end":{"line":30,"column":20}},"18":{"start":{"line":32,"column":4},"end":{"line":32,"column":43}},"19":{"start":{"line":34,"column":0},"end":{"line":34,"column":34}},"20":{"start":{"line":36,"column":16},"end":{"line":36,"column":45}},"21":{"start":{"line":37,"column":4},"end":{"line":37,"column":32}},"22":{"start":{"line":39,"column":0},"end":{"line":39,"column":34}},"23":{"start":{"line":41,"column":4},"end":{"line":41,"column":56}},"24":{"start":{"line":41,"column":34},"end":{"line":41,"column":54}},"25":{"start":{"line":42,"column":19},"end":{"line":42,"column":50}},"26":{"start":{"line":43,"column":4},"end":{"line":60,"column":5}},"27":{"start":{"line":44,"column":8},"end":{"line":56,"column":9}},"28":{"start":{"line":45,"column":26},"end":{"line":45,"column":37}},"29":{"start":{"line":46,"column":12},"end":{"line":46,"column":29}},"30":{"start":{"line":47,"column":12},"end":{"line":52,"column":13}},"31":{"start":{"line":48,"column":16},"end":{"line":48,"column":80}},"32":{"start":{"line":51,"column":16},"end":{"line":51,"column":29}},"33":{"start":{"line":55,"column":12},"end":{"line":55,"column":47}},"34":{"start":{"line":59,"column":8},"end":{"line":59,"column":21}},"35":{"start":{"line":62,"column":0},"end":{"line":62,"column":24}},"36":{"start":{"line":64,"column":4},"end":{"line":64,"column":72}},"37":{"start":{"line":66,"column":0},"end":{"line":66,"column":26}},"38":{"start":{"line":68,"column":4},"end":{"line":68,"column":77}},"39":{"start":{"line":70,"column":0},"end":{"line":70,"column":28}}},"fnMap":{"0":{"name":"asyncReturnOrError","decl":{"start":{"line":3,"column":9},"end":{"line":3,"column":27}},"loc":{"start":{"line":3,"column":72},"end":{"line":17,"column":1}},"line":3},"1":{"name":"(anonymous_1)","decl":{"start":{"line":6,"column":14},"end":{"line":6,"column":15}},"loc":{"start":{"line":6,"column":30},"end":{"line":8,"column":5}},"line":6},"2":{"name":"(anonymous_2)","decl":{"start":{"line":9,"column":15},"end":{"line":9,"column":16}},"loc":{"start":{"line":9,"column":30},"end":{"line":16,"column":5}},"line":9},"3":{"name":"some","decl":{"start":{"line":19,"column":9},"end":{"line":19,"column":13}},"loc":{"start":{"line":19,"column":32},"end":{"line":29,"column":1}},"line":19},"4":{"name":"dotNotation","decl":{"start":{"line":31,"column":9},"end":{"line":31,"column":20}},"loc":{"start":{"line":31,"column":30},"end":{"line":33,"column":1}},"line":31},"5":{"name":"valueOrNull","decl":{"start":{"line":35,"column":9},"end":{"line":35,"column":20}},"loc":{"start":{"line":35,"column":38},"end":{"line":38,"column":1}},"line":35},"6":{"name":"exists","decl":{"start":{"line":40,"column":9},"end":{"line":40,"column":15}},"loc":{"start":{"line":40,"column":46},"end":{"line":61,"column":1}},"line":40},"7":{"name":"shorten","decl":{"start":{"line":63,"column":9},"end":{"line":63,"column":16}},"loc":{"start":{"line":63,"column":30},"end":{"line":65,"column":1}},"line":63},"8":{"name":"isObject","decl":{"start":{"line":67,"column":9},"end":{"line":67,"column":17}},"loc":{"start":{"line":67,"column":21},"end":{"line":69,"column":1}},"line":67}},"branchMap":{"0":{"loc":{"start":{"line":4,"column":4},"end":{"line":4,"column":55}},"type":"if","locations":[{"start":{"line":4,"column":4},"end":{"line":4,"column":55}},{"start":{"line":4,"column":4},"end":{"line":4,"column":55}}],"line":4},"1":{"loc":{"start":{"line":12,"column":8},"end":{"line":14,"column":9}},"type":"if","locations":[{"start":{"line":12,"column":8},"end":{"line":14,"column":9}},{"start":{"line":12,"column":8},"end":{"line":14,"column":9}}],"line":12},"2":{"loc":{"start":{"line":13,"column":23},"end":{"line":13,"column":44}},"type":"binary-expr","locations":[{"start":{"line":13,"column":23},"end":{"line":13,"column":37}},{"start":{"line":13,"column":41},"end":{"line":13,"column":44}}],"line":13},"3":{"loc":{"start":{"line":21,"column":8},"end":{"line":26,"column":9}},"type":"if","locations":[{"start":{"line":21,"column":8},"end":{"line":26,"column":9}},{"start":{"line":21,"column":8},"end":{"line":26,"column":9}}],"line":21},"4":{"loc":{"start":{"line":23,"column":12},"end":{"line":25,"column":13}},"type":"if","locations":[{"start":{"line":23,"column":12},"end":{"line":25,"column":13}},{"start":{"line":23,"column":12},"end":{"line":25,"column":13}}],"line":23},"5":{"loc":{"start":{"line":37,"column":11},"end":{"line":37,"column":31}},"type":"cond-expr","locations":[{"start":{"line":37,"column":19},"end":{"line":37,"column":24}},{"start":{"line":37,"column":27},"end":{"line":37,"column":31}}],"line":37},"6":{"loc":{"start":{"line":41,"column":4},"end":{"line":41,"column":56}},"type":"if","locations":[{"start":{"line":41,"column":4},"end":{"line":41,"column":56}},{"start":{"line":41,"column":4},"end":{"line":41,"column":56}}],"line":41},"7":{"loc":{"start":{"line":43,"column":4},"end":{"line":60,"column":5}},"type":"if","locations":[{"start":{"line":43,"column":4},"end":{"line":60,"column":5}},{"start":{"line":43,"column":4},"end":{"line":60,"column":5}}],"line":43},"8":{"loc":{"start":{"line":44,"column":8},"end":{"line":56,"column":9}},"type":"if","locations":[{"start":{"line":44,"column":8},"end":{"line":56,"column":9}},{"start":{"line":44,"column":8},"end":{"line":56,"column":9}}],"line":44},"9":{"loc":{"start":{"line":44,"column":12},"end":{"line":44,"column":49}},"type":"binary-expr","locations":[{"start":{"line":44,"column":12},"end":{"line":44,"column":27}},{"start":{"line":44,"column":31},"end":{"line":44,"column":49}}],"line":44},"10":{"loc":{"start":{"line":47,"column":12},"end":{"line":52,"column":13}},"type":"if","locations":[{"start":{"line":47,"column":12},"end":{"line":52,"column":13}},{"start":{"line":47,"column":12},"end":{"line":52,"column":13}}],"line":47},"11":{"loc":{"start":{"line":55,"column":19},"end":{"line":55,"column":46}},"type":"cond-expr","locations":[{"start":{"line":55,"column":33},"end":{"line":55,"column":39}},{"start":{"line":55,"column":42},"end":{"line":55,"column":46}}],"line":55},"12":{"loc":{"start":{"line":64,"column":11},"end":{"line":64,"column":71}},"type":"cond-expr","locations":[{"start":{"line":64,"column":33},"end":{"line":64,"column":65}},{"start":{"line":64,"column":68},"end":{"line":64,"column":71}}],"line":64},"13":{"loc":{"start":{"line":68,"column":11},"end":{"line":68,"column":76}},"type":"binary-expr","locations":[{"start":{"line":68,"column":11},"end":{"line":68,"column":21}},{"start":{"line":68,"column":25},"end":{"line":68,"column":46}},{"start":{"line":68,"column":50},"end":{"line":68,"column":76}}],"line":68}},"s":{"0":1,"1":0,"2":0,"3":0,"4":0,"5":0,"6":0,"7":0,"8":0,"9":0,"10":1,"11":0,"12":0,"13":0,"14":0,"15":0,"16":0,"17":1,"18":0,"19":1,"20":0,"21":0,"22":1,"23":0,"24":0,"25":0,"26":0,"27":0,"28":0,"29":0,"30":0,"31":0,"32":0,"33":0,"34":0,"35":1,"36":0,"37":1,"38":0,"39":1},"f":{"0":0,"1":0,"2":0,"3":0,"4":0,"5":0,"6":0,"7":0,"8":0},"b":{"0":[0,0],"1":[0,0],"2":[0,0],"3":[0,0],"4":[0,0],"5":[0,0],"6":[0,0],"7":[0,0],"8":[0,0],"9":[0,0],"10":[0,0],"11":[0,0],"12":[0,0],"13":[0,0,0]},"_coverageSchema":"43e27e138ebf9cfc5966b082cf9a028302ed4184","hash":"6900c04c5a7bbbb192a624b2afe50f14cb77d62c","contentHash":"a35e8c273fd23041ccba081b83fa2f453138e4d94f1cd5351ac8ff42c4a139c7"},"/home/alan/Cloud/workspaces/prd-pui-manager/api/services/payment.ts":{"path":"/home/alan/Cloud/workspaces/prd-pui-manager/api/services/payment.ts","statementMap":{"0":{"start":{"line":2,"column":16},"end":{"line":9,"column":1}},"1":{"start":{"line":3,"column":4},"end":{"line":8,"column":7}},"2":{"start":{"line":4,"column":36},"end":{"line":4,"column":97}},"3":{"start":{"line":4,"column":42},"end":{"line":4,"column":70}},"4":{"start":{"line":4,"column":85},"end":{"line":4,"column":95}},"5":{"start":{"line":5,"column":35},"end":{"line":5,"column":100}},"6":{"start":{"line":5,"column":41},"end":{"line":5,"column":73}},"7":{"start":{"line":5,"column":88},"end":{"line":5,"column":98}},"8":{"start":{"line":6,"column":32},"end":{"line":6,"column":149}},"9":{"start":{"line":6,"column":97},"end":{"line":6,"column":119}},"10":{"start":{"line":7,"column":8},"end":{"line":7,"column":78}},"11":{"start":{"line":10,"column":18},"end":{"line":36,"column":1}},"12":{"start":{"line":11,"column":12},"end":{"line":11,"column":104}},"13":{"start":{"line":11,"column":43},"end":{"line":11,"column":68}},"14":{"start":{"line":11,"column":57},"end":{"line":11,"column":68}},"15":{"start":{"line":11,"column":69},"end":{"line":11,"column":81}},"16":{"start":{"line":12,"column":4},"end":{"line":12,"column":157}},"17":{"start":{"line":12,"column":138},"end":{"line":12,"column":150}},"18":{"start":{"line":13,"column":23},"end":{"line":13,"column":68}},"19":{"start":{"line":13,"column":45},"end":{"line":13,"column":65}},"20":{"start":{"line":15,"column":8},"end":{"line":15,"column":70}},"21":{"start":{"line":15,"column":15},"end":{"line":15,"column":70}},"22":{"start":{"line":16,"column":8},"end":{"line":33,"column":66}},"23":{"start":{"line":16,"column":18},"end":{"line":33,"column":66}},"24":{"start":{"line":17,"column":12},"end":{"line":17,"column":169}},"25":{"start":{"line":17,"column":160},"end":{"line":17,"column":169}},"26":{"start":{"line":18,"column":12},"end":{"line":18,"column":52}},"27":{"start":{"line":18,"column":26},"end":{"line":18,"column":52}},"28":{"start":{"line":19,"column":12},"end":{"line":31,"column":13}},"29":{"start":{"line":20,"column":32},"end":{"line":20,"column":39}},"30":{"start":{"line":20,"column":40},"end":{"line":20,"column":46}},"31":{"start":{"line":21,"column":24},"end":{"line":21,"column":34}},"32":{"start":{"line":21,"column":35},"end":{"line":21,"column":72}},"33":{"start":{"line":22,"column":24},"end":{"line":22,"column":34}},"34":{"start":{"line":22,"column":35},"end":{"line":22,"column":45}},"35":{"start":{"line":22,"column":46},"end":{"line":22,"column":55}},"36":{"start":{"line":22,"column":56},"end":{"line":22,"column":65}},"37":{"start":{"line":23,"column":24},"end":{"line":23,"column":41}},"38":{"start":{"line":23,"column":42},"end":{"line":23,"column":55}},"39":{"start":{"line":23,"column":56},"end":{"line":23,"column":65}},"40":{"start":{"line":25,"column":20},"end":{"line":25,"column":128}},"41":{"start":{"line":25,"column":110},"end":{"line":25,"column":116}},"42":{"start":{"line":25,"column":117},"end":{"line":25,"column":126}},"43":{"start":{"line":26,"column":20},"end":{"line":26,"column":106}},"44":{"start":{"line":26,"column":81},"end":{"line":26,"column":97}},"45":{"start":{"line":26,"column":98},"end":{"line":26,"column":104}},"46":{"start":{"line":27,"column":20},"end":{"line":27,"column":89}},"47":{"start":{"line":27,"column":57},"end":{"line":27,"column":72}},"48":{"start":{"line":27,"column":73},"end":{"line":27,"column":80}},"49":{"start":{"line":27,"column":81},"end":{"line":27,"column":87}},"50":{"start":{"line":28,"column":20},"end":{"line":28,"column":87}},"51":{"start":{"line":28,"column":47},"end":{"line":28,"column":62}},"52":{"start":{"line":28,"column":63},"end":{"line":28,"column":78}},"53":{"start":{"line":28,"column":79},"end":{"line":28,"column":85}},"54":{"start":{"line":29,"column":20},"end":{"line":29,"column":42}},"55":{"start":{"line":29,"column":30},"end":{"line":29,"column":42}},"56":{"start":{"line":30,"column":20},"end":{"line":30,"column":33}},"57":{"start":{"line":30,"column":34},"end":{"line":30,"column":43}},"58":{"start":{"line":32,"column":12},"end":{"line":32,"column":39}},"59":{"start":{"line":33,"column":22},"end":{"line":33,"column":34}},"60":{"start":{"line":33,"column":35},"end":{"line":33,"column":41}},"61":{"start":{"line":33,"column":54},"end":{"line":33,"column":64}},"62":{"start":{"line":34,"column":8},"end":{"line":34,"column":35}},"63":{"start":{"line":34,"column":23},"end":{"line":34,"column":35}},"64":{"start":{"line":34,"column":36},"end":{"line":34,"column":89}},"65":{"start":{"line":37,"column":0},"end":{"line":37,"column":62}},"66":{"start":{"line":38,"column":15},"end":{"line":38,"column":39}},"67":{"start":{"line":39,"column":13},"end":{"line":39,"column":35}},"68":{"start":{"line":41,"column":4},"end":{"line":51,"column":7}},"69":{"start":{"line":43,"column":8},"end":{"line":50,"column":11}},"70":{"start":{"line":44,"column":12},"end":{"line":49,"column":13}},"71":{"start":{"line":45,"column":24},"end":{"line":45,"column":128}},"72":{"start":{"line":47,"column":20},"end":{"line":47,"column":41}},"73":{"start":{"line":48,"column":20},"end":{"line":48,"column":57}},"74":{"start":{"line":53,"column":0},"end":{"line":53,"column":32}},"75":{"start":{"line":55,"column":4},"end":{"line":65,"column":7}},"76":{"start":{"line":57,"column":8},"end":{"line":64,"column":11}},"77":{"start":{"line":58,"column":12},"end":{"line":63,"column":13}},"78":{"start":{"line":59,"column":24},"end":{"line":59,"column":146}},"79":{"start":{"line":61,"column":20},"end":{"line":61,"column":41}},"80":{"start":{"line":62,"column":20},"end":{"line":62,"column":57}},"81":{"start":{"line":67,"column":0},"end":{"line":67,"column":34}}},"fnMap":{"0":{"name":"(anonymous_0)","decl":{"start":{"line":2,"column":44},"end":{"line":2,"column":45}},"loc":{"start":{"line":2,"column":89},"end":{"line":9,"column":1}},"line":2},"1":{"name":"(anonymous_1)","decl":{"start":{"line":3,"column":36},"end":{"line":3,"column":37}},"loc":{"start":{"line":3,"column":63},"end":{"line":8,"column":5}},"line":3},"2":{"name":"fulfilled","decl":{"start":{"line":4,"column":17},"end":{"line":4,"column":26}},"loc":{"start":{"line":4,"column":34},"end":{"line":4,"column":99}},"line":4},"3":{"name":"rejected","decl":{"start":{"line":5,"column":17},"end":{"line":5,"column":25}},"loc":{"start":{"line":5,"column":33},"end":{"line":5,"column":102}},"line":5},"4":{"name":"step","decl":{"start":{"line":6,"column":17},"end":{"line":6,"column":21}},"loc":{"start":{"line":6,"column":30},"end":{"line":6,"column":151}},"line":6},"5":{"name":"(anonymous_5)","decl":{"start":{"line":6,"column":76},"end":{"line":6,"column":77}},"loc":{"start":{"line":6,"column":95},"end":{"line":6,"column":121}},"line":6},"6":{"name":"(anonymous_6)","decl":{"start":{"line":10,"column":48},"end":{"line":10,"column":49}},"loc":{"start":{"line":10,"column":73},"end":{"line":36,"column":1}},"line":10},"7":{"name":"(anonymous_7)","decl":{"start":{"line":11,"column":30},"end":{"line":11,"column":31}},"loc":{"start":{"line":11,"column":41},"end":{"line":11,"column":83}},"line":11},"8":{"name":"(anonymous_8)","decl":{"start":{"line":12,"column":125},"end":{"line":12,"column":126}},"loc":{"start":{"line":12,"column":136},"end":{"line":12,"column":152}},"line":12},"9":{"name":"verb","decl":{"start":{"line":13,"column":13},"end":{"line":13,"column":17}},"loc":{"start":{"line":13,"column":21},"end":{"line":13,"column":70}},"line":13},"10":{"name":"(anonymous_10)","decl":{"start":{"line":13,"column":30},"end":{"line":13,"column":31}},"loc":{"start":{"line":13,"column":43},"end":{"line":13,"column":67}},"line":13},"11":{"name":"step","decl":{"start":{"line":14,"column":13},"end":{"line":14,"column":17}},"loc":{"start":{"line":14,"column":22},"end":{"line":35,"column":5}},"line":14},"12":{"name":"getAccount","decl":{"start":{"line":40,"column":9},"end":{"line":40,"column":19}},"loc":{"start":{"line":40,"column":31},"end":{"line":52,"column":1}},"line":40},"13":{"name":"(anonymous_13)","decl":{"start":{"line":41,"column":44},"end":{"line":41,"column":45}},"loc":{"start":{"line":41,"column":56},"end":{"line":51,"column":5}},"line":41},"14":{"name":"(anonymous_14)","decl":{"start":{"line":43,"column":33},"end":{"line":43,"column":34}},"loc":{"start":{"line":43,"column":47},"end":{"line":50,"column":9}},"line":43},"15":{"name":"getPayments","decl":{"start":{"line":54,"column":9},"end":{"line":54,"column":20}},"loc":{"start":{"line":54,"column":32},"end":{"line":66,"column":1}},"line":54},"16":{"name":"(anonymous_16)","decl":{"start":{"line":55,"column":44},"end":{"line":55,"column":45}},"loc":{"start":{"line":55,"column":56},"end":{"line":65,"column":5}},"line":55},"17":{"name":"(anonymous_17)","decl":{"start":{"line":57,"column":33},"end":{"line":57,"column":34}},"loc":{"start":{"line":57,"column":47},"end":{"line":64,"column":9}},"line":57}},"branchMap":{"0":{"loc":{"start":{"line":2,"column":16},"end":{"line":9,"column":1}},"type":"binary-expr","locations":[{"start":{"line":2,"column":17},"end":{"line":2,"column":21}},{"start":{"line":2,"column":25},"end":{"line":2,"column":39}},{"start":{"line":2,"column":44},"end":{"line":9,"column":1}}],"line":2},"1":{"loc":{"start":{"line":3,"column":16},"end":{"line":3,"column":34}},"type":"binary-expr","locations":[{"start":{"line":3,"column":16},"end":{"line":3,"column":17}},{"start":{"line":3,"column":22},"end":{"line":3,"column":33}}],"line":3},"2":{"loc":{"start":{"line":6,"column":32},"end":{"line":6,"column":148}},"type":"cond-expr","locations":[{"start":{"line":6,"column":46},"end":{"line":6,"column":67}},{"start":{"line":6,"column":70},"end":{"line":6,"column":148}}],"line":6},"3":{"loc":{"start":{"line":7,"column":51},"end":{"line":7,"column":67}},"type":"binary-expr","locations":[{"start":{"line":7,"column":51},"end":{"line":7,"column":61}},{"start":{"line":7,"column":65},"end":{"line":7,"column":67}}],"line":7},"4":{"loc":{"start":{"line":10,"column":18},"end":{"line":36,"column":1}},"type":"binary-expr","locations":[{"start":{"line":10,"column":19},"end":{"line":10,"column":23}},{"start":{"line":10,"column":27},"end":{"line":10,"column":43}},{"start":{"line":10,"column":48},"end":{"line":36,"column":1}}],"line":10},"5":{"loc":{"start":{"line":11,"column":43},"end":{"line":11,"column":68}},"type":"if","locations":[{"start":{"line":11,"column":43},"end":{"line":11,"column":68}},{"start":{"line":11,"column":43},"end":{"line":11,"column":68}}],"line":11},"6":{"loc":{"start":{"line":12,"column":71},"end":{"line":12,"column":153}},"type":"binary-expr","locations":[{"start":{"line":12,"column":71},"end":{"line":12,"column":99}},{"start":{"line":12,"column":104},"end":{"line":12,"column":152}}],"line":12},"7":{"loc":{"start":{"line":15,"column":8},"end":{"line":15,"column":70}},"type":"if","locations":[{"start":{"line":15,"column":8},"end":{"line":15,"column":70}},{"start":{"line":15,"column":8},"end":{"line":15,"column":70}}],"line":15},"8":{"loc":{"start":{"line":17,"column":12},"end":{"line":17,"column":169}},"type":"if","locations":[{"start":{"line":17,"column":12},"end":{"line":17,"column":169}},{"start":{"line":17,"column":12},"end":{"line":17,"column":169}}],"line":17},"9":{"loc":{"start":{"line":17,"column":23},"end":{"line":17,"column":158}},"type":"binary-expr","locations":[{"start":{"line":17,"column":23},"end":{"line":17,"column":24}},{"start":{"line":17,"column":29},"end":{"line":17,"column":125}},{"start":{"line":17,"column":130},"end":{"line":17,"column":158}}],"line":17},"10":{"loc":{"start":{"line":17,"column":33},"end":{"line":17,"column":125}},"type":"cond-expr","locations":[{"start":{"line":17,"column":45},"end":{"line":17,"column":56}},{"start":{"line":17,"column":59},"end":{"line":17,"column":125}}],"line":17},"11":{"loc":{"start":{"line":17,"column":59},"end":{"line":17,"column":125}},"type":"cond-expr","locations":[{"start":{"line":17,"column":67},"end":{"line":17,"column":116}},{"start":{"line":17,"column":119},"end":{"line":17,"column":125}}],"line":17},"12":{"loc":{"start":{"line":17,"column":67},"end":{"line":17,"column":116}},"type":"binary-expr","locations":[{"start":{"line":17,"column":67},"end":{"line":17,"column":77}},{"start":{"line":17,"column":82},"end":{"line":17,"column":115}}],"line":17},"13":{"loc":{"start":{"line":17,"column":82},"end":{"line":17,"column":112}},"type":"binary-expr","locations":[{"start":{"line":17,"column
[...]
e":24,"column":9},"end":{"line":24,"column":20}},"loc":{"start":{"line":24,"column":37},"end":{"line":29,"column":1}},"line":24}},"branchMap":{"0":{"loc":{"start":{"line":6,"column":18},"end":{"line":6,"column":48}},"type":"binary-expr","locations":[{"start":{"line":6,"column":18},"end":{"line":6,"column":37}},{"start":{"line":6,"column":41},"end":{"line":6,"column":48}}],"line":6},"1":{"loc":{"start":{"line":7,"column":0},"end":{"line":23,"column":1}},"type":"if","locations":[{"start":{"line":7,"column":0},"end":{"line":23,"column":1}},{"start":{"line":7,"column":0},"end":{"line":23,"column":1}}],"line":7},"2":{"loc":{"start":{"line":25,"column":4},"end":{"line":27,"column":5}},"type":"if","locations":[{"start":{"line":25,"column":4},"end":{"line":27,"column":5}},{"start":{"line":25,"column":4},"end":{"line":27,"column":5}}],"line":25}},"s":{"0":1,"1":1,"2":1,"3":1,"4":1,"5":0,"6":0,"7":0,"8":1,"9":0,"10":0,"11":0,"12":1},"f":{"0":0},"b":{"0":[1,1],"1":[0,1],"2":[0,0]},"_coverageSchema":"43e27e138ebf9cfc5966b082cf9a028302ed4184","hash":"084b2a8de8875318299f2cf9a8c5dff8b69371f6","contentHash":"5a7cbd7f28f7e53d84f71c21e4a79212a9d93f4b8bcf1d5273dba1d660ed5645"},"/home/alan/Cloud/workspaces/prd-pui-manager/api/services/rdProfessionals.ts":{"path":"/home/alan/Cloud/workspaces/prd-pui-manager/api/services/rdProfessionals.ts","statementMap":{"0":{"start":{"line":2,"column":16},"end":{"line":9,"column":1}},"1":{"start":{"line":3,"column":4},"end":{"line":8,"column":7}},"2":{"start":{"line":4,"column":36},"end":{"line":4,"column":97}},"3":{"start":{"line":4,"column":42},"end":{"line":4,"column":70}},"4":{"start":{"line":4,"column":85},"end":{"line":4,"column":95}},"5":{"start":{"line":5,"column":35},"end":{"line":5,"column":100}},"6":{"start":{"line":5,"column":41},"end":{"line":5,"column":73}},"7":{"start":{"line":5,"column":88},"end":{"line":5,"column":98}},"8":{"start":{"line":6,"column":32},"end":{"line":6,"column":149}},"9":{"start":{"line":6,"column":97},"end":{"line":6,"column":119}},"10":{"start":{"line":7,"column":8},"end":{"line":7,"column":78}},"11":{"start":{"line":10,"column":18},"end":{"line":36,"column":1}},"12":{"start":{"line":11,"column":12},"end":{"line":11,"column":104}},"13":{"start":{"line":11,"column":43},"end":{"line":11,"column":68}},"14":{"start":{"line":11,"column":57},"end":{"line":11,"column":68}},"15":{"start":{"line":11,"column":69},"end":{"line":11,"column":81}},"16":{"start":{"line":12,"column":4},"end":{"line":12,"column":157}},"17":{"start":{"line":12,"column":138},"end":{"line":12,"column":150}},"18":{"start":{"line":13,"column":23},"end":{"line":13,"column":68}},"19":{"start":{"line":13,"column":45},"end":{"line":13,"column":65}},"20":{"start":{"line":15,"column":8},"end":{"line":15,"column":70}},"21":{"start":{"line":15,"column":15},"end":{"line":15,"column":70}},"22":{"start":{"line":16,"column":8},"end":{"line":33,"column":66}},"23":{"start":{"line":16,"column":18},"end":{"line":33,"column":66}},"24":{"start":{"line":17,"column":12},"end":{"line":17,"column":169}},"25":{"start":{"line":17,"column":160},"end":{"line":17,"column":169}},"26":{"start":{"line":18,"column":12},"end":{"line":18,"column":52}},"27":{"start":{"line":18,"column":26},"end":{"line":18,"column":52}},"28":{"start":{"line":19,"column":12},"end":{"line":31,"column":13}},"29":{"start":{"line":20,"column":32},"end":{"line":20,"column":39}},"30":{"start":{"line":20,"column":40},"end":{"line":20,"column":46}},"31":{"start":{"line":21,"column":24},"end":{"line":21,"column":34}},"32":{"start":{"line":21,"column":35},"end":{"line":21,"column":72}},"33":{"start":{"line":22,"column":24},"end":{"line":22,"column":34}},"34":{"start":{"line":22,"column":35},"end":{"line":22,"column":45}},"35":{"start":{"line":22,"column":46},"end":{"line":22,"column":55}},"36":{"start":{"line":22,"column":56},"end":{"line":22,"column":65}},"37":{"start":{"line":23,"column":24},"end":{"line":23,"column":41}},"38":{"start":{"line":23,"column":42},"end":{"line":23,"column":55}},"39":{"start":{"line":23,"column":56},"end":{"line":23,"column":65}},"40":{"start":{"line":25,"column":20},"end":{"line":25,"column":128}},"41":{"start":{"line":25,"column":110},"end":{"line":25,"column":116}},"42":{"start":{"line":25,"column":117},"end":{"line":25,"column":126}},"43":{"start":{"line":26,"column":20},"end":{"line":26,"column":106}},"44":{"start":{"line":26,"column":81},"end":{"line":26,"column":97}},"45":{"start":{"line":26,"column":98},"end":{"line":26,"column":104}},"46":{"start":{"line":27,"column":20},"end":{"line":27,"column":89}},"47":{"start":{"line":27,"column":57},"end":{"line":27,"column":72}},"48":{"start":{"line":27,"column":73},"end":{"line":27,"column":80}},"49":{"start":{"line":27,"column":81},"end":{"line":27,"column":87}},"50":{"start":{"line":28,"column":20},"end":{"line":28,"column":87}},"51":{"start":{"line":28,"column":47},"end":{"line":28,"column":62}},"52":{"start":{"line":28,"column":63},"end":{"line":28,"column":78}},"53":{"start":{"line":28,"column":79},"end":{"line":28,"column":85}},"54":{"start":{"line":29,"column":20},"end":{"line":29,"column":42}},"55":{"start":{"line":29,"column":30},"end":{"line":29,"column":42}},"56":{"start":{"line":30,"column":20},"end":{"line":30,"column":33}},"57":{"start":{"line":30,"column":34},"end":{"line":30,"column":43}},"58":{"start":{"line":32,"column":12},"end":{"line":32,"column":39}},"59":{"start":{"line":33,"column":22},"end":{"line":33,"column":34}},"60":{"start":{"line":33,"column":35},"end":{"line":33,"column":41}},"61":{"start":{"line":33,"column":54},"end":{"line":33,"column":64}},"62":{"start":{"line":34,"column":8},"end":{"line":34,"column":35}},"63":{"start":{"line":34,"column":23},"end":{"line":34,"column":35}},"64":{"start":{"line":34,"column":36},"end":{"line":34,"column":89}},"65":{"start":{"line":37,"column":0},"end":{"line":37,"column":62}},"66":{"start":{"line":38,"column":15},"end":{"line":38,"column":39}},"67":{"start":{"line":39,"column":13},"end":{"line":39,"column":35}},"68":{"start":{"line":41,"column":4},"end":{"line":51,"column":7}},"69":{"start":{"line":43,"column":8},"end":{"line":50,"column":11}},"70":{"start":{"line":44,"column":12},"end":{"line":49,"column":13}},"71":{"start":{"line":46,"column":20},"end":{"line":46,"column":56}},"72":{"start":{"line":47,"column":20},"end":{"line":47,"column":138}},"73":{"start":{"line":48,"column":24},"end":{"line":48,"column":57}},"74":{"start":{"line":53,"column":0},"end":{"line":53,"column":46}},"75":{"start":{"line":55,"column":4},"end":{"line":65,"column":7}},"76":{"start":{"line":57,"column":8},"end":{"line":64,"column":11}},"77":{"start":{"line":58,"column":12},"end":{"line":63,"column":13}},"78":{"start":{"line":59,"column":24},"end":{"line":59,"column":145}},"79":{"start":{"line":61,"column":20},"end":{"line":61,"column":41}},"80":{"start":{"line":62,"column":20},"end":{"line":62,"column":57}},"81":{"start":{"line":67,"column":0},"end":{"line":67,"column":64}}},"fnMap":{"0":{"name":"(anonymous_0)","decl":{"start":{"line":2,"column":44},"end":{"line":2,"column":45}},"loc":{"start":{"line":2,"column":89},"end":{"line":9,"column":1}},"line":2},"1":{"name":"(anonymous_1)","decl":{"start":{"line":3,"column":36},"end":{"line":3,"column":37}},"loc":{"start":{"line":3,"column":63},"end":{"line":8,"column":5}},"line":3},"2":{"name":"fulfilled","decl":{"start":{"line":4,"column":17},"end":{"line":4,"column":26}},"loc":{"start":{"line":4,"column":34},"end":{"line":4,"column":99}},"line":4},"3":{"name":"rejected","decl":{"start":{"line":5,"column":17},"end":{"line":5,"column":25}},"loc":{"start":{"line":5,"column":33},"end":{"line":5,"column":102}},"line":5},"4":{"name":"step","decl":{"start":{"line":6,"column":17},"end":{"line":6,"column":21}},"loc":{"start":{"line":6,"column":30},"end":{"line":6,"column":151}},"line":6},"5":{"name":"(anonymous_5)","decl":{"start":{"line":6,"column":76},"end":{"line":6,"column":77}},"loc":{"start":{"line":6,"column":95},"end":{"line":6,"column":121}},"line":6},"6":{"name":"(anonymous_6)","decl":{"start":{"line":10,"column":48},"end":{"line":10,"column":49}},"loc":{"start":{"line":10,"column":73},"end":{"line":36,"column":1}},"line":10},"7":{"name":"(anonymous_7)","decl":{"start":{"line":11,"column":30},"end":{"line":11,"column":31}},"loc":{"start":{"line":11,"column":41},"end":{"line":11,"column":83}},"line":11},"8":{"name":"(anonymous_8)","decl":{"start":{"line":12,"column":125},"end":{"line":12,"column":126}},"loc":{"start":{"line":12,"column":136},"end":{"line":12,"column":152}},"line":12},"9":{"name":"verb","decl":{"start":{"line":13,"column":13},"end":{"line":13,"column":17}},"loc":{"start":{"line":13,"column":21},"end":{"line":13,"column":70}},"line":13},"10":{"name":"(anonymous_10)","decl":{"start":{"line":13,"column":30},"end":{"line":13,"column":31}},"loc":{"start":{"line":13,"column":43},"end":{"line":13,"column":67}},"line":13},"11":{"name":"step","decl":{"start":{"line":14,"column":13},"end":{"line":14,"column":17}},"loc":{"start":{"line":14,"column":22},"end":{"line":35,"column":5}},"line":14},"12":{"name":"getOrganisationId","decl":{"start":{"line":40,"column":9},"end":{"line":40,"column":26}},"loc":{"start":{"line":40,"column":36},"end":{"line":52,"column":1}},"line":40},"13":{"name":"(anonymous_13)","decl":{"start":{"line":41,"column":43},"end":{"line":41,"column":44}},"loc":{"start":{"line":41,"column":55},"end":{"line":51,"column":5}},"line":41},"14":{"name":"(anonymous_14)","decl":{"start":{"line":43,"column":33},"end":{"line":43,"column":34}},"loc":{"start":{"line":43,"column":47},"end":{"line":50,"column":9}},"line":43},"15":{"name":"getAccountsForOrganisation","decl":{"start":{"line":54,"column":9},"end":{"line":54,"column":35}},"loc":{"start":{"line":54,"column":43},"end":{"line":66,"column":1}},"line":54},"16":{"name":"(anonymous_16)","decl":{"start":{"line":55,"column":44},"end":{"line":55,"column":45}},"loc":{"start":{"line":55,"column":56},"end":{"line":65,"column":5}},"line":55},"17":{"name":"(anonymous_17)","decl":{"start":{"line":57,"column":33},"end":{"line":57,"column":34}},"loc":{"start":{"line":57,"column":47},"end":{"line":64,"column":9}},"line":57}},"branchMap":{"0":{"loc":{"start":{"line":2,"column":16},"end":{"line":9,"column":1}},"type":"binary-expr","locations":[{"start":{"line":2,"column":17},"end":{"line":2,"column":21}},{"start":{"line":2,"column":25},"end":{"line":2,"column":39}},{"start":{"line":2,"column":44},"end":{"line":9,"column":1}}],"line":2},"1":{"loc":{"start":{"line":3,"column":16},"end":{"line":3,"column":34}},"type":"binary-expr","locations":[{"start":{"line":3,"column":16},"end":{"line":3,"column":17}},{"start":{"line":3,"column":22},"end":{"line":3,"column":33}}],"line":3},"2":{"loc":{"start":{"line":6,"column":32},"end":{"line":6,"column":148}},"type":"cond-expr","locations":[{"start":{"line":6,"column":46},"end":{"line":6,"column":67}},{"start":{"line":6,"column":70},"end":{"line":6,"column":148}}],"line":6},"3":{"loc":{"start":{"line":7,"column":51},"end":{"line":7,"column":67}},"type":"binary-expr","locations":[{"start":{"line":7,"column":51},"end":{"line":7,"column":61}},{"start":{"line":7,"column":65},"end":{"line":7,"column":67}}],"line":7},"4":{"loc":{"start":{"line":10,"column":18},"end":{"line":36,"column":1}},"type":"binary-expr","locations":[{"start":{"line":10,"column":19},"end":{"line":10,"column":23}},{"start":{"line":10,"column":27},"end":{"line":10,"column":43}},{"start":{"line":10,"column":48},"end":{"line":36,"column":1}}],"line":10},"5":{"loc":{"start":{"line":11,"column":43},"end":{"line":11,"column":68}},"type":"if","locations":[{"start":{"line":11,"column":43},"end":{"line":11,"column":68}},{"start":{"line":11,"column":43},"end":{"line":11,"column":68}}],"line":11},"6":{"loc":{"start":{"line":12,"column":71},"end":{"line":12,"column":153}},"type":"binary-expr","locations":[{"start":{"line":12,"column":71},"end":{"line":12,"column":99}},{"start":{"line":12,"column":104},"end":{"line":12,"column":152}}],"line":12},"7":{"loc":{"start":{"line":15,"column":8},"end":{"line":15,"column":70}},"type":"if","locations":[{"start":{"line":15,"column":8},"end":{"line":15,"column":70}},{"start":{"line":15,"column":8},"end":{"line":15,"column":70}}],"line":15},"8":{"loc":{"start":{"line":17,"column":12},"end":{"line":17,"column":169}},"type":"if","locations":[{"start":{"line":17,"column":12},"end":{"line":17,"column":169}},{"start":{"line":17,"column":12},"end":{"line":17,"column":169}}],"line":17},"9":{"loc":{"start":{"line":17,"column":23},"end":{"line":17,"column":158}},"type":"binary-expr","locations":[{"start":{"line":17,"column":23},"end":{"line":17,"column":24}},{"start":{"line":17,"column":29},"end":{"line":17,"column":125}},{"start":{"line":17,"column":130},"end":{"line":17,"column":158}}],"line":17},"10":{"loc":{"start":{"line":17,"column":33},"end":{"line":17,"column":125}},"type":"cond-expr","locations":[{"start":{"line":17,"column":45},"end":{"line":17,"column":56}},{"start":{"line":17,"column":59},"end":{"line":17,"column":125}}],"line":17},"11":{"loc":{"start":{"line":17,"column":59},"end":{"line":17,"column":125}},"type":"cond-expr","locations":[{"start":{"line":17,"column":67},"end":{"line":17,"column":116}},{"start":{"line":17,"column":119},"end":{"line":17,"column":125}}],"line":17},"12":{"loc":{"start":{"line":17,"column":67},"end":{"line":17,"column":116}},"type":"binary-expr","locations":[{"start":{"line":17,"column":67},"end":{"line":17,"column":77}},{"start":{"line":17,"column":82},"end":{"line":17,"column":115}}],"line":17},"13":{"loc":{"start":{"line":17,"column":82},"end":{"line":17,"column":112}},"type":"binary-expr","locations":[{"start":{"line":17,"column":83},"end":{"line":17,"column":98}},{"start":{"line":17,"column":103},"end":{"line":17,"column":112}}],"line":17},"14":{"loc":{"start":{"line":18,"column":12},"end":{"line":18,"column":52}},"type":"if","locations":[{"start":{"line":18,"column":12},"end":{"line":18,"column":52}},{"start":{"line":18,"column":12},"end":{"line":18,"column":52}}],"line":18},"15":{"loc":{"start":{"line":19,"column":12},"end":{"line":31,"column":13}},"type":"switch","locations":[{"start":{"line":20,"column":16},"end":{"line":20,"column":23}},{"start":{"line":20,"column":24},"end":{"line":20,"column":46}},{"start":{"line":21,"column":16},"end":{"line":21,"column":72}},{"start":{"line":22,"column":16},"end":{"line":22,"column":65}},{"start":{"line":23,"column":16},"end":{"line":23,"column":65}},{"start":{"line":24,"column":16},"end":{"line":30,"column":43}}],"line":19},"16":{"loc":{"start":{"line":25,"column":20},"end":{"line":25,"column":128}},"type":"if","locations":[{"start":{"line":25,"column":20},"end":{"line":25,"column":128}},{"start":{"line":25,"column":20},"end":{"line":25,"column":128}}],"line":25},"17":{"loc":{"start":{"line":25,"column":24},"end":{"line":25,"column":106}},"type":"binary-expr","locations":[{"start":{"line":25,"column":24},"end":{"line":25,"column":74}},{"start":{"line":25,"column":79},"end":{"line":25,"column":90}},{"start":{"line":25,"column":94},"end":{"line":25,"column":105}}],"line":25},"18":{"loc":{"start":{"line":25,"column":42},"end":{"line":25,"column":73}},"type":"binary-expr","locations":[{"start":{"line":25,"column":42},"end":{"line":25,"column":54}},{"start":{"line":25,"column":58},"end":{"line":25,"column":73}}],"line":25},"19":{"loc":{"start":{"line":26,"column":20},"end":{"line":26,"column":106}},"type":"if","locations":[{"start":{"line":26,"column":20},"end":{"line":26,"column":106}},{"start":{"line":26,"column":20},"end":{"line":26,"column":106}}],"line":26},"20":{"loc":{"start":{"line":26,"column":24},"end":{"line":26,"column":77}},"type":"binary-expr","locations":[{"start":{"line":26,"column":24},"end":{"line":26,"column":35}},{"start":{"line":26,"column":40},"end":{"line":26,"column":42}},{"start":{"line":26,"column":47},"end":{"line":26,"column":59}},{"start":{"line":26,"column":63},"end":{"line":26,"column":75}}],"line":26},"21":{"loc":{"start":{"line":27,"column":20},"end":{"line":27,"column":89}},"type":"if","locations":[{"start":{"line":27,"column":20},"end":{"line":27,"column":89}},{"start":{"line":27,"column":20},"end":{"line":27,"column":89}}],"line":27},"22":{"loc":{"start":{"line":27,"column":24},"end":{"line":27,"column":53}},"type":"binary-expr","locations":[{"start":{"line":27,"column":24},"end":{"line":27,"column":35}},{"start":{"line":27,"column":39},"end":{"line":27,"column":53}}],"line":27},"23":{"loc":{"start":{"line":28,"column":20},"end":{"line":28,"column":87}},"type":"if","locations":[{"start":{"line":28,"column":20},"end":{"line":28,"column":87}},{"start":{"line":28,"column":20},"end":{"line":28,"column":87}}],"line":28},"24":{"loc":{"start":{"line":28,"column":24},"end":{"line":28,"column":43}},"type":"binary-expr","locations":[{"start":{"line":28,"column":24},"end":{"line":28,"column":25}},{"start":{"line":28,"column":29},"end":{"line":28,"column":43}}],"line":28},"25":{"loc":{"start":{"line":29,"column":20},"end":{"line":29,"column":42}},"type":"if","locations":[{"start":{"line":29,"column":20},"end":{"line":29,"column":42}},{"start":{"line":29,"column":20},"end":{"line":29,"column":42}}],"line":29},"26":{"loc":{"start":{"line":34,"column":8},"end":{"line":34,"column":35}},"type":"if","locations":[{"start":{"line":34,"column":8},"end":{"line":34,"column":35}},{"start":{"line":34,"column":8},"end":{"line":34,"column":35}}],"line":34},"27":{"loc":{"start":{"line":34,"column":52},"end":{"line":34,"column":74}},"type":"cond-expr","locations":[{"start":{"line":34,"column":60},"end":{"line":34,"column":65}},{"start":{"line":34,"column":68},"end":{"line":34,"column":74}}],"line":34},"28":{"loc":{"start":{"line":44,"column":12},"end":{"line":49,"column":13}},"type":"switch","locations":[{"start":{"line":45,"column":16},"end":{"line":47,"column":138}},{"start":{"line":48,"column":16},"end":{"line":48,"column":57}}],"line":44},"29":{"loc":{"start":{"line":58,"column":12},"end":{"line":63,"column":13}},"type":"switch","locations":[{"start":{"line":59,"column":16},"end":{"line":59,"column":145}},{"start":{"line":60,"column":16},"end":{"line":62,"column":57}}],"line":58}},"s":{"0":1,"1":0,"2":0,"3":0,"4":0,"5":0,"6":0,"7":0,"8":0,"9":0,"10":0,"11":1,"12":0,"13":0,"14":0,"15":0,"16":0,"17":0,"18":0,"19":0,"20":0,"21":0,"22":0,"23":0,"24":0,"25":0,"26":0,"27":0,"28":0,"29":0,"30":0,"31":0,"32":0,"33":0,"34":0,"35":0,"36":0,"37":0,"38":0,"39":0,"40":0,"41":0,"42":0,"43":0,"44":0,"45":0,"46":0,"47":0,"48":0,"49":0,"50":0,"51":0,"52":0,"53":0,"54":0,"55":0,"56":0,"57":0,"58":0,"59":0,"60":0,"61":0,"62":0,"63":0,"64":0,"65":1,"66":1,"67":1,"68":0,"69":0,"70":0,"71":0,"72":0,"73":0,"74":1,"75":0,"76":0,"77":0,"78":0,"79":0,"80":0,"81":1},"f":{"0":0,"1":0,"2":0,"3":0,"4":0,"5":0,"6":0,"7":0,"8":0,"9":0,"10":0,"11":0,"12":0,"13":0,"14":0,"15":0,"16":0,"17":0},"b":{"0":[1,1,1],"1":[0,0],"2":[0,0],"3":[0,0],"4":[1,1,1],"5":[0,0],"6":[0,0],"7":[0,0],"8":[0,0],"9":[0,0,0],"10":[0,0],"11":[0,0],"12":[0,0],"13":[0,0],"14":[0,0],"15":[0,0,0,0,0,0],"16":[0,0],"17":[0,0,0],"18":[0,0],"19":[0,0],"20":[0,0,0,0],"21":[0,0],"22":[0,0],"23":[0,0],"24":[0,0],"25":[0,0],"26":[0,0],"27":[0,0],"28":[0,0],"29":[0,0]},"_coverageSchema":"43e27e138ebf9cfc5966b082cf9a028302ed4184","hash":"c55fa26d9125d4b5cf8a2a9b0a3a8fef40288232","contentHash":"3b2cccaf75260ea51f96c932eff2e2a1d3f6db936ecebf56965e5266c4e373ea"},"/home/alan/Cloud/workspaces/prd-pui-manager/api/accounts/data.mock.ts":{"path":"/home/alan/Cloud/workspaces/prd-pui-manager/api/accounts/data.mock.ts","statementMap":{"0":{"start":{"line":2,"column":0},"end":{"line":2,"column":62}},"1":{"start":{"line":3,"column":0},"end":{"line":68,"column":2}}},"fnMap":{},"branchMap":{},"s":{"0":1,"1":1},"f":{},"b":{},"_coverageSchema":"43e27e138ebf9cfc5966b082cf9a028302ed4184","hash":"c22b83600ccb03dd5203ac84370fecf95a16eeac","contentHash":"2c3cf3e98a409953e9f5eb5f93427eba87780daebc9f95d9002d3435714636c7"}}