TN:
SF:/home/alan/Cloud/workspaces/prd-pui-manager/api/local.ts
FNF:0
FNH:0
DA:15,0
DA:17,0
DA:18,0
DA:20,0
DA:37,0
DA:38,0
DA:44,0
DA:45,0
DA:46,0
DA:47,0
DA:48,0
DA:50,0
DA:52,0
DA:54,0
DA:56,0
DA:57,0
DA:59,0
DA:60,0
DA:63,0
DA:64,0
DA:66,0
LF:21
LH:0
BRDA:32,0,0,0
BRDA:32,0,1,0
BRDA:37,1,0,0
BRDA:37,1,1,0
BRDA:56,2,0,0
BRDA:56,2,1,0
BRDA:59,3,0,0
BRDA:59,3,1,0
BRDA:64,4,0,0
BRDA:64,4,1,0
BRF:10
BRH:0
end_of_record
TN:
SF:/home/alan/Cloud/workspaces/prd-pui-manager/api/routes.ts
FNF:0
FNH:0
DA:10,0
DA:12,0
DA:13,0
DA:14,0
DA:15,0
DA:16,0
DA:17,0
LF:7
LH:0
BRF:0
BRH:0
end_of_record
TN:
SF:/home/alan/Cloud/workspaces/prd-pui-manager/api/server.ts
FN:55,(anonymous_0)
FNF:1
FNH:0
FNDA:0,(anonymous_0)
DA:16,0
DA:18,0
DA:20,0
DA:37,0
DA:38,0
DA:39,0
DA:41,0
DA:42,0
DA:44,0
DA:45,0
DA:46,0
DA:47,0
DA:48,0
DA:50,0
DA:51,0
DA:53,0
DA:55,0
DA:56,0
DA:57,0
DA:65,0
DA:68,0
DA:69,0
DA:72,0
LF:23
LH:0
BRDA:32,0,0,0
BRDA:32,0,1,0
BRDA:68,1,0,0
BRDA:68,1,1,0
BRDA:72,2,0,0
BRDA:72,2,1,0
BRF:6
BRH:0
end_of_record
TN:
SF:/home/alan/Cloud/workspaces/prd-pui-manager/api/accounts/index.spec.ts
FN:8,(anonymous_1)
FN:19,(anonymous_2)
FN:25,(anonymous_3)
FN:31,(anonymous_4)
FN:37,(anonymous_5)
FN:42,(anonymous_6)
FN:51,(anonymous_7)
FNF:7
FNH:6
FNDA:4,(anonymous_1)
FNDA:4,(anonymous_2)
FNDA:0,(anonymous_3)
FNDA:7,(anonymous_4)
FNDA:4,(anonymous_5)
FNDA:4,(anonymous_6)
FNDA:4,(anonymous_7)
DA:8,1
DA:9,0
DA:11,0
DA:12,0
DA:19,7
DA:20,4
DA:25,4
DA:26,1
DA:27,4
DA:28,4
DA:29,0
DA:31,4
DA:32,4
DA:33,0
DA:34,12
DA:35,8
DA:37,8
DA:38,0
DA:39,8
DA:40,16
DA:42,16
DA:43,0
DA:45,16
DA:46,0
DA:47,16
DA:48,8
DA:49,8
DA:51,4
DA:52,4
DA:54,0
DA:58,0
DA:59,0
DA:62,0
DA:63,0
DA:68,0
DA:69,0
DA:70,0
DA:72,0
LF:38
LH:21
BRF:0
BRH:0
end_of_record
TN:
SF:/home/alan/Cloud/workspaces/prd-pui-manager/api/accounts/index.ts
FNF:0
FNH:0
DA:1,1
DA:6,4
DA:11,4
DA:14,0
DA:21,4
DA:23,0
DA:25,12
DA:33,8
DA:34,16
DA:36,0
LF:10
LH:7
BRDA:6,0,0,4
BRDA:6,0,1,4
BRDA:21,1,0,0
BRDA:21,1,1,4
BRDA:23,2,0,0
BRDA:23,2,1,8
BRF:6
BRH:4
end_of_record
TN:
SF:/home/alan/Cloud/workspaces/prd-pui-manager/api/auth/serviceToken.ts
FN:17,validateCache
FN:25,getToken
FN:29,generateToken
FN:49,serviceTokenGenerator
FNF:4
FNH:0
FNDA:0,validateCache
FNDA:0,getToken
FNDA:0,generateToken
FNDA:0,serviceTokenGenerator
DA:8,0
DA:9,0
DA:11,0
DA:12,0
DA:14,0
DA:18,0
DA:19,0
DA:20,0
DA:22,0
DA:26,0
DA:30,0
DA:31,0
DA:32,0
DA:34,0
DA:35,0
DA:40,0
DA:41,0
DA:46,0
DA:50,0
DA:51,0
DA:52,0
DA:54,0
DA:55,0
DA:58,0
LF:24
LH:0
BRDA:19,0,0,0
BRDA:19,0,1,0
BRDA:51,1,0,0
BRDA:51,1,1,0
BRF:4
BRH:0
end_of_record
TN:
SF:/home/alan/Cloud/workspaces/prd-pui-manager/api/inviteUser/index.ts
FN:9,inviteUserRoute
FNF:1
FNH:0
FNDA:0,inviteUserRoute
DA:6,0
DA:7,0
DA:11,0
DA:12,0
DA:13,0
DA:14,0
DA:15,0
DA:16,0
DA:19,0
DA:20,0
DA:21,0
LF:11
LH:0
BRF:0
BRH:0
end_of_record
TN:
SF:/home/alan/Cloud/workspaces/prd-pui-manager/api/lib/appInsights.ts
FNF:0
FNH:0
DA:11,1
DA:13,1
DA:14,1
DA:26,1
DA:27,1
DA:31,0
LF:6
LH:5
BRDA:11,0,0,1
BRDA:11,0,1,1
BRDA:13,1,0,0
BRDA:13,1,1,1
BRF:4
BRH:3
end_of_record
TN:
SF:/home/alan/Cloud/workspaces/prd-pui-manager/api/lib/errorStack.ts
FN:6,errorStack
FN:13,push
FN:17,pop
FN:26,(anonymous_4)
FNF:4
FNH:0
FNDA:0,errorStack
FNDA:0,push
FNDA:0,pop
FNDA:0,(anonymous_4)
DA:3,1
DA:7,1
DA:8,0
DA:10,0
DA:14,0
DA:18,1
DA:20,0
DA:22,0
DA:24,1
DA:26,0
DA:27,1
DA:29,0
DA:30,0
LF:13
LH:5
BRDA:27,0,0,0
BRDA:27,0,1,0
BRF:2
BRH:0
end_of_record
TN:
SF:/home/alan/Cloud/workspaces/prd-pui-manager/api/lib/http.ts
FNF:0
FNH:0
DA:2,1
DA:6,1
DA:7,1
DA:8,1
LF:4
LH:4
BRF:0
BRH:0
end_of_record
TN:
SF:/home/alan/Cloud/workspaces/prd-pui-manager/api/lib/interceptors.ts
FN:14,requestInterceptor
FN:33,successInterceptor
FNF:2
FNH:0
FNDA:0,requestInterceptor
FNDA:0,successInterceptor
DA:9,1
DA:13,0
DA:16,1
DA:18,1
DA:19,1
DA:22,1
DA:24,1
DA:25,1
DA:26,1
DA:27,0
DA:29,0
DA:35,0
DA:37,0
DA:39,0
DA:41,0
DA:43,0
DA:53,0
DA:55,0
DA:60,1
DA:61,0
DA:63,0
DA:66,0
DA:69,0
DA:80,0
DA:81,0
LF:25
LH:9
BRDA:80,0,0,0
BRDA:80,0,1,0
BRF:2
BRH:0
end_of_record
TN:
SF:/home/alan/Cloud/workspaces/prd-pui-manager/api/lib/log4jui.ts
FN:13,getLogger
FN:25,info
FN:39,warn
FN:47,debug
FN:53,trackRequest
FN:60,error
FNF:6
FNH:0
FNDA:0,getLogger
FNDA:0,info
FNDA:0,warn
FNDA:0,debug
FNDA:0,trackRequest
FNDA:0,error
DA:7,1
DA:15,1
DA:16,1
DA:18,1
DA:28,1
DA:32,0
DA:33,0
DA:34,1
DA:36,0
DA:39,0
DA:40,0
DA:43,0
DA:49,0
DA:50,0
DA:54,0
DA:55,0
DA:61,0
DA:64,0
DA:65,0
DA:67,0
DA:68,0
DA:71,0
DA:72,0
LF:23
LH:6
BRDA:16,0,0,0
BRDA:16,0,1,0
BRDA:33,1,0,0
BRDA:33,1,1,0
BRDA:54,2,0,0
BRDA:54,2,1,0
BRDA:65,3,0,0
BRDA:65,3,1,0
BRDA:71,4,0,0
BRDA:71,4,1,0
BRDA:71,5,0,0
BRDA:71,5,1,0
BRF:12
BRH:0
end_of_record
TN:
SF:/home/alan/Cloud/workspaces/prd-pui-manager/api/lib/store.ts
FN:4,(anonymous_0)
FN:8,(anonymous_1)
FN:12,(anonymous_2)
FNF:3
FNH:0
FNDA:0,(anonymous_0)
FNDA:0,(anonymous_1)
FNDA:0,(anonymous_2)
DA:5,0
DA:9,0
DA:13,0
LF:3
LH:0
BRF:0
BRH:0
end_of_record
TN:
SF:/home/alan/Cloud/workspaces/prd-pui-manager/api/lib/util.ts
FN:3,asyncReturnOrError
FN:14,(anonymous_1)
FN:18,(anonymous_2)
FN:31,some
FN:43,dotNotation
FN:46,valueOrNull
FN:51,exists
FN:67,shorten
FNF:8
FNH:0
FNDA:0,asyncReturnOrError
FNDA:0,(anonymous_1)
FNDA:0,(anonymous_2)
FNDA:0,some
FNDA:0,dotNotation
FNDA:0,valueOrNull
FNDA:0,exists
FNDA:0,shorten
DA:3,0
DA:13,1
DA:15,0
DA:19,0
DA:21,0
DA:23,0
DA:25,0
DA:27,0
DA:32,0
DA:33,0
DA:34,0
DA:35,1
DA:37,0
DA:44,0
DA:47,0
DA:48,0
DA:52,0
DA:53,1
DA:54,1
DA:55,0
DA:56,0
DA:57,1
DA:58,0
DA:60,0
DA:63,0
DA:65,0
DA:69,0
LF:27
LH:5
BRDA:12,0,0,0
BRDA:23,1,0,0
BRDA:23,1,1,0
BRDA:3,2,0,0
BRDA:3,2,1,0
BRDA:33,3,0,0
BRDA:33,3,1,0
BRDA:35,4,0,0
BRDA:35,4,1,0
BRDA:48,5,0,0
BRDA:48,5,1,0
BRDA:51,6,0,0
BRDA:53,7,0,0
BRDA:53,7,1,0
BRDA:54,8,0,0
BRDA:54,8,1,0
BRDA:54,9,0,0
BRDA:54,9,1,0
BRDA:56,10,0,0
BRDA:56,10,1,0
BRDA:60,11,0,0
BRDA:60,11,1,0
BRDA:67,12,0,0
BRDA:67,12,1,0
BRDA:69,13,0,0
BRDA:69,13,1,0
BRDA:69,13,2,0
BRF:27
BRH:0
end_of_record
TN:
SF:/home/alan/Cloud/workspaces/prd-pui-manager/api/organisation/index.ts
FN:5,handleAddressRoute
FNF:1
FNH:0
FNDA:0,handleAddressRoute
DA:6,0
DA:7,0
DA:8,0
DA:10,0
DA:11,0
DA:15,0
DA:17,0
LF:7
LH:0
BRF:0
BRH:0
end_of_record
TN:
SF:/home/alan/Cloud/workspaces/prd-pui-manager/api/services/idam.ts
FN:5,getUserDetails
FNF:1
FNH:0
FNDA:0,getUserDetails
DA:6,0
DA:10,0
LF:2
LH:0
BRF:0
BRH:0
end_of_record
TN:
SF:/home/alan/Cloud/workspaces/prd-pui-manager/api/user/index.ts
FN:12,handleUserRoute
FNF:1
FNH:0
FNDA:0,handleUserRoute
DA:4,0
DA:5,0
DA:10,0
DA:13,0
DA:14,0
DA:15,0
DA:17,0
DA:19,0
DA:20,0
DA:22,0
DA:23,0
DA:25,0
DA:27,0
LF:13
LH:0
BRF:0
BRH:0
end_of_record
TN:
SF:/home/alan/Cloud/workspaces/prd-pui-manager/api/user/user.mock.ts
FNF:0
FNH:0
DA:3,0
LF:1
LH:0
BRF:0
BRH:0
end_of_record
TN:
SF:/home/alan/Cloud/workspaces/prd-pui-manager/api/user/user.ts
FN:15,(anonymous_0)
FN:28,(anonymous_1)
FN:42,(anonymous_2)
FNF:3
FNH:0
FNDA:0,(anonymous_0)
FNDA:0,(anonymous_1)
FNDA:0,(anonymous_2)
DA:16,0
DA:29,0
DA:43,0
LF:3
LH:0
BRF:0
BRH:0
end_of_record
TN:
SF:/home/alan/Cloud/workspaces/prd-pui-manager/api/userList/index.ts
FN:6,handleUserListRoute
FNF:1
FNH:0
FNDA:0,handleUserListRoute
DA:7,0
DA:8,0
DA:9,0
DA:10,0
DA:11,0
DA:14,0
DA:15,0
DA:20,0
DA:22,0
LF:9
LH:0
BRF:0
BRH:0
end_of_record
