TN:
SF:/home/alan/Cloud/workspaces/prd-pui-manager/api/accounts/data.mock.ts
FNF:0
FNH:0
DA:2,1
LF:1
LH:1
BRF:0
BRH:0
end_of_record
TN:
SF:/home/alan/Cloud/workspaces/prd-pui-manager/api/lib/config.ts
FNF:0
FNH:0
DA:1,1
LF:1
LH:1
BRF:0
BRH:0
end_of_record
TN:
SF:/home/alan/Cloud/workspaces/prd-pui-manager/src/polyfills.ts
FNF:0
FNH:0
DA:46,1
DA:74,1
LF:2
LH:2
BRF:0
BRH:0
end_of_record
TN:
SF:/home/alan/Cloud/workspaces/prd-pui-manager/src/test.ts
FNF:0
FNH:0
DA:3,1
DA:4,1
DA:5,1
DA:13,1
DA:18,1
DA:20,1
LF:6
LH:6
BRF:0
BRH:0
end_of_record
TN:
SF:/home/alan/Cloud/workspaces/prd-pui-manager/src/app/app.module.ts
FN:60,(anonymous_1)
FNF:1
FNH:1
FNDA:1,(anonymous_1)
DA:1,1
DA:2,1
DA:3,1
DA:5,1
DA:6,1
DA:7,1
DA:10,1
DA:11,1
DA:12,1
DA:13,1
DA:14,1
DA:15,1
DA:16,1
DA:19,1
DA:22,1
DA:24,1
DA:26,1
DA:27,1
DA:29,1
DA:31,1
DA:60,1
LF:21
LH:21
BRDA:32,0,0,1
BRDA:32,0,1,0
BRF:2
BRH:1
end_of_record
TN:
SF:/home/alan/Cloud/workspaces/prd-pui-manager/src/app/app.routes.ts
FNF:0
FNH:0
DA:4,1
LF:1
LH:1
BRF:0
BRH:0
end_of_record
TN:
SF:/home/alan/Cloud/workspaces/prd-pui-manager/src/app/components/index.ts
FNF:0
FNH:0
DA:1,1
DA:2,1
DA:3,1
DA:7,1
DA:13,1
DA:14,1
DA:15,1
DA:16,1
LF:8
LH:8
BRF:0
BRH:0
end_of_record
TN:
SF:/home/alan/Cloud/workspaces/prd-pui-manager/src/app/components/hmcts-global-footer/hmcts-global-footer.component.ts
FN:8,(anonymous_2)
FN:12,HmctsGlobalFooterComponent
FN:13,(anonymous_4)
FNF:3
FNH:3
FNDA:1,(anonymous_2)
FNDA:2,HmctsGlobalFooterComponent
FNDA:2,(anonymous_4)
DA:1,1
DA:8,1
DA:9,1
DA:10,1
DA:13,1
DA:15,1
LF:6
LH:6
BRF:0
BRH:0
end_of_record
TN:
SF:/home/alan/Cloud/workspaces/prd-pui-manager/src/app/components/hmcts-global-footer/mock/hmcts-global-footer.mock.ts
FNF:0
FNH:0
DA:2,1
DA:5,1
DA:18,1
LF:3
LH:3
BRF:0
BRH:0
end_of_record
TN:
SF:/home/alan/Cloud/workspaces/prd-pui-manager/src/app/components/hmcts-global-header/hmcts-global-header.component.ts
FN:9,(anonymous_2)
FN:33,HmctsGlobalHeaderComponent
FN:11,(anonymous_4)
FNF:3
FNH:2
FNDA:1,(anonymous_2)
FNDA:1,HmctsGlobalHeaderComponent
FNDA:0,(anonymous_4)
DA:1,1
DA:3,1
DA:9,1
DA:11,2
DA:12,0
DA:15,2
DA:19,2
DA:33,1
DA:37,1
LF:9
LH:8
BRF:0
BRH:0
end_of_record
TN:
SF:/home/alan/Cloud/workspaces/prd-pui-manager/src/app/containers/index.ts
FNF:0
FNH:0
DA:2,1
DA:3,1
DA:5,1
DA:10,1
DA:11,1
LF:5
LH:5
BRF:0
BRH:0
end_of_record
TN:
SF:/home/alan/Cloud/workspaces/prd-pui-manager/src/app/containers/app/app.component.ts
FN:12,(anonymous_2)
FN:18,AppComponent
FN:22,(anonymous_4)
FN:25,(anonymous_5)
FNF:4
FNH:2
FNDA:1,(anonymous_2)
FNDA:1,AppComponent
FNDA:0,(anonymous_4)
FNDA:0,(anonymous_5)
DA:1,1
DA:2,1
DA:4,1
DA:12,1
DA:19,1
DA:22,1
DA:24,0
DA:25,0
DA:26,0
DA:27,0
DA:32,1
LF:11
LH:7
BRDA:26,0,0,0
BRDA:26,0,1,0
BRF:2
BRH:0
end_of_record
TN:
SF:/home/alan/Cloud/workspaces/prd-pui-manager/src/app/containers/footer/footer.component.ts
FN:9,(anonymous_1)
FN:4,FooterComponent
FNF:2
FNH:2
FNDA:1,(anonymous_1)
FNDA:4,FooterComponent
DA:1,1
DA:3,1
DA:9,1
DA:10,4
DA:23,4
DA:30,1
LF:6
LH:6
BRF:0
BRH:0
end_of_record
TN:
SF:/home/alan/Cloud/workspaces/prd-pui-manager/src/app/containers/header/header.component.ts
FN:13,(anonymous_3)
FN:22,HeaderComponent
FN:25,(anonymous_5)
FN:27,(anonymous_6)
FN:69,(anonymous_7)
FN:70,(anonymous_8)
FNF:6
FNH:2
FNDA:1,(anonymous_3)
FNDA:2,HeaderComponent
FNDA:0,(anonymous_5)
FNDA:0,(anonymous_6)
FNDA:0,(anonymous_7)
FNDA:0,(anonymous_8)
DA:1,1
DA:2,1
DA:5,1
DA:6,1
DA:13,1
DA:22,2
DA:25,1
DA:26,0
DA:27,0
DA:28,0
DA:29,0
DA:33,0
DA:35,0
DA:52,0
DA:56,0
DA:69,1
DA:70,0
DA:71,0
DA:77,1
LF:19
LH:9
BRDA:28,0,0,0
BRDA:28,0,1,0
BRF:2
BRH:0
end_of_record
TN:
SF:/home/alan/Cloud/workspaces/prd-pui-manager/src/app/directives/remove-host.directive.ts
FN:11,(anonymous_2)
FN:13,RemoveHostDirective
FN:15,(anonymous_4)
FNF:3
FNH:3
FNDA:1,(anonymous_2)
FNDA:1,RemoveHostDirective
FNDA:1,(anonymous_4)
DA:2,1
DA:11,1
DA:13,1
DA:15,1
DA:16,1
DA:17,1
DA:19,1
DA:20,1
DA:22,1
DA:24,1
LF:10
LH:10
BRF:0
BRH:0
end_of_record
TN:
SF:/home/alan/Cloud/workspaces/prd-pui-manager/src/app/store/index.ts
FNF:0
FNH:0
DA:1,1
DA:2,1
DA:3,1
DA:4,1
LF:4
LH:4
BRF:0
BRH:0
end_of_record
TN:
SF:/home/alan/Cloud/workspaces/prd-pui-manager/src/app/store/actions/app.actions.ts
FN:6,(anonymous_0)
FN:8,SetPageTitle
FN:11,(anonymous_2)
FNF:3
FNH:3
FNDA:1,(anonymous_0)
FNDA:6,SetPageTitle
FNDA:4,(anonymous_2)
DA:3,1
DA:4,1
DA:6,1
DA:7,6
DA:8,6
DA:9,1
DA:11,1
DA:12,3
DA:13,1
LF:9
LH:9
BRF:0
BRH:0
end_of_record
TN:
SF:/home/alan/Cloud/workspaces/prd-pui-manager/src/app/store/actions/index.ts
FNF:0
FNH:0
DA:1,1
DA:2,1
LF:2
LH:2
BRF:0
BRH:0
end_of_record
TN:
SF:/home/alan/Cloud/workspaces/prd-pui-manager/src/app/store/actions/router.action.ts
FN:8,(anonymous_0)
FN:10,Go
FN:19,(anonymous_2)
FN:23,(anonymous_4)
FNF:4
FNH:4
FNDA:1,(anonymous_0)
FNDA:1,Go
FNDA:2,(anonymous_2)
FNDA:2,(anonymous_4)
DA:4,1
DA:5,1
DA:6,1
DA:8,1
DA:9,1
DA:11,1
DA:17,1
DA:19,1
DA:20,1
DA:21,1
DA:23,1
DA:24,1
DA:25,1
LF:13
LH:13
BRF:0
BRH:0
end_of_record
TN:
SF:/home/alan/Cloud/workspaces/prd-pui-manager/src/app/store/effects/app.effects.ts
FN:10,(anonymous_2)
FN:11,AppEffects
FN:18,(anonymous_4)
FNF:3
FNH:3
FNDA:1,(anonymous_2)
FNDA:1,AppEffects
FNDA:1,(anonymous_4)
DA:1,1
DA:2,1
DA:4,1
DA:5,1
DA:7,1
DA:10,1
DA:12,1
DA:16,2
DA:19,1
DA:23,1
LF:10
LH:10
BRF:0
BRH:0
end_of_record
TN:
SF:/home/alan/Cloud/workspaces/prd-pui-manager/src/app/store/effects/index.ts
FNF:0
FNH:0
DA:1,1
DA:2,1
DA:4,1
DA:6,1
DA:7,1
LF:5
LH:5
BRF:0
BRH:0
end_of_record
TN:
SF:/home/alan/Cloud/workspaces/prd-pui-manager/src/app/store/effects/router.effect.ts
FN:11,(anonymous_3)
FN:12,RouterEffects
FN:21,(anonymous_5)
FN:22,(anonymous_6)
FN:31,(anonymous_7)
FN:38,(anonymous_8)
FNF:6
FNH:6
FNDA:1,(anonymous_3)
FNDA:3,RouterEffects
FNDA:1,(anonymous_5)
FNDA:1,(anonymous_6)
FNDA:1,(anonymous_7)
FNDA:1,(anonymous_8)
DA:1,1
DA:2,1
DA:3,1
DA:5,1
DA:6,1
DA:8,1
DA:11,1
DA:12,3
DA:13,3
DA:14,3
DA:15,3
DA:19,4
DA:21,1
DA:22,1
DA:23,1
DA:29,4
DA:31,1
DA:36,4
DA:38,1
DA:41,1
LF:20
LH:20
BRF:0
BRH:0
end_of_record
TN:
SF:/home/alan/Cloud/workspaces/prd-pui-manager/src/app/store/reducers/app.reducer.ts
FN:4,setPageTitle
FN:27,reducer
FN:54,(anonymous_3)
FNF:3
FNH:2
FNDA:6,setPageTitle
FNDA:11,reducer
FNDA:0,(anonymous_3)
DA:1,1
DA:4,1
DA:5,6
DA:6,1
DA:7,5
DA:8,1
DA:9,4
DA:10,1
DA:11,3
DA:12,1
DA:13,2
DA:14,1
DA:16,1
DA:23,1
DA:27,1
DA:28,15
DA:31,11
DA:33,6
DA:34,6
DA:41,1
DA:42,1
DA:44,1
DA:51,4
DA:54,1
LF:24
LH:24
BRDA:5,0,0,1
BRDA:5,0,1,5
BRDA:7,1,0,1
BRDA:7,1,1,4
BRDA:9,2,0,1
BRDA:9,2,1,3
BRDA:11,3,0,1
BRDA:11,3,1,2
BRDA:13,4,0,1
BRDA:13,4,1,1
BRDA:28,5,0,4
BRDA:28,5,1,7
BRDA:32,6,0,6
BRDA:32,6,1,1
BRDA:43,7,0,0
BRDA:43,7,1,1
BRF:16
BRH:15
end_of_record
TN:
SF:/home/alan/Cloud/workspaces/prd-pui-manager/src/app/store/reducers/index.ts
FN:37,(anonymous_0)
FN:39,(anonymous_2)
FNF:2
FNH:1
FNDA:1,(anonymous_0)
FNDA:0,(anonymous_2)
DA:6,1
DA:8,1
DA:9,1
DA:23,1
DA:28,1
DA:32,1
DA:37,1
DA:39,1
DA:40,0
DA:41,0
DA:43,0
DA:44,0
DA:45,0
DA:47,0
DA:49,0
DA:51,1
LF:16
LH:9
BRF:0
BRH:0
end_of_record
TN:
SF:/home/alan/Cloud/workspaces/prd-pui-manager/src/app/store/selectors/app.selectors.ts
FN:8,(anonymous_0)
FNF:1
FNH:0
FNDA:0,(anonymous_0)
DA:1,1
DA:3,1
DA:4,1
DA:6,1
DA:8,0
DA:11,1
LF:6
LH:5
BRF:0
BRH:0
end_of_record
TN:
SF:/home/alan/Cloud/workspaces/prd-pui-manager/src/app/store/selectors/index.ts
FNF:0
FNH:0
DA:1,1
LF:1
LH:1
BRF:0
BRH:0
end_of_record
TN:
SF:/home/alan/Cloud/workspaces/prd-pui-manager/src/auth/auth.module.ts
FN:30,(anonymous_1)
FNF:1
FNH:1
FNDA:1,(anonymous_1)
DA:1,1
DA:2,1
DA:3,1
DA:4,1
DA:5,1
DA:6,1
DA:7,1
DA:8,1
DA:9,1
DA:10,1
DA:11,1
DA:12,1
DA:14,1
DA:15,1
DA:16,1
DA:30,1
DA:32,1
LF:17
LH:17
BRF:0
BRH:0
end_of_record
TN:
SF:/home/alan/Cloud/workspaces/prd-pui-manager/src/auth/auth.routing.ts
FNF:0
FNH:0
DA:2,1
DA:4,1
DA:5,1
DA:6,1
DA:8,1
DA:17,1
LF:6
LH:6
BRF:0
BRH:0
end_of_record
TN:
SF:/home/alan/Cloud/workspaces/prd-pui-manager/src/auth/containers/profile/profile.component.ts
FN:9,(anonymous_2)
FN:13,ProfileComponent
FN:15,(anonymous_4)
FNF:3
FNH:1
FNDA:1,(anonymous_2)
FNDA:0,ProfileComponent
FNDA:0,(anonymous_4)
DA:1,1
DA:2,1
DA:4,1
DA:9,1
DA:13,0
DA:15,1
DA:16,0
DA:17,0
DA:19,1
LF:9
LH:6
BRF:0
BRH:0
end_of_record
TN:
SF:/home/alan/Cloud/workspaces/prd-pui-manager/src/auth/guards/auth.guard.ts
FN:7,(anonymous_2)
FN:8,AuthGuard
FN:13,(anonymous_4)
FNF:3
FNH:3
FNDA:1,(anonymous_2)
FNDA:3,AuthGuard
FNDA:2,(anonymous_4)
DA:1,1
DA:4,1
DA:7,1
DA:9,3
DA:13,1
DA:14,2
DA:15,1
DA:16,1
DA:19,1
DA:21,1
LF:10
LH:10
BRDA:14,0,0,1
BRDA:14,0,1,1
BRF:2
BRH:2
end_of_record
TN:
SF:/home/alan/Cloud/workspaces/prd-pui-manager/src/auth/guards/organisation.guard.ts
FN:10,(anonymous_2)
FN:11,OrganisationGuard
FN:13,(anonymous_4)
FN:15,(anonymous_5)
FN:16,(anonymous_6)
FN:20,(anonymous_7)
FN:22,(anonymous_8)
FN:27,(anonymous_9)
FNF:8
FNH:1
FNDA:1,(anonymous_2)
FNDA:0,OrganisationGuard
FNDA:0,(anonymous_4)
FNDA:0,(anonymous_5)
FNDA:0,(anonymous_6)
FNDA:0,(anonymous_7)
FNDA:0,(anonymous_8)
FNDA:0,(anonymous_9)
DA:1,1
DA:3,1
DA:4,1
DA:5,1
DA:6,1
DA:10,1
DA:11,0
DA:13,1
DA:14,0
DA:15,0
DA:16,0
DA:20,1
DA:21,0
DA:23,0
DA:24,0
DA:27,0
DA:31,1
LF:17
LH:9
BRDA:23,0,0,0
BRDA:23,0,1,0
BRF:2
BRH:0
end_of_record
TN:
SF:/home/alan/Cloud/workspaces/prd-pui-manager/src/auth/guards/user.guard.ts
FN:18,(anonymous_2)
FN:20,UserGuard
FN:23,(anonymous_4)
FN:26,(anonymous_5)
FN:27,(anonymous_6)
FN:31,(anonymous_7)
FN:34,(anonymous_8)
FN:39,(anonymous_9)
FNF:8
FNH:1
FNDA:1,(anonymous_2)
FNDA:0,UserGuard
FNDA:0,(anonymous_4)
FNDA:0,(anonymous_5)
FNDA:0,(anonymous_6)
FNDA:0,(anonymous_7)
FNDA:0,(anonymous_8)
FNDA:0,(anonymous_9)
DA:1,1
DA:3,1
DA:4,1
DA:5,1
DA:13,1
DA:15,1
DA:18,1
DA:20,0
DA:23,1
DA:24,0
DA:26,0
DA:27,0
DA:31,1
DA:32,0
DA:35,0
DA:36,0
DA:39,0
DA:43,1
LF:18
LH:10
BRDA:35,0,0,0
BRDA:35,0,1,0
BRF:2
BRH:0
end_of_record
TN:
SF:/home/alan/Cloud/workspaces/prd-pui-manager/src/auth/mock/user.mock.ts
FNF:0
FNH:0
DA:2,1
LF:1
LH:1
BRF:0
BRH:0
end_of_record
TN:
SF:/home/alan/Cloud/workspaces/prd-pui-manager/src/auth/models/user.model.ts
FN:1,(anonymous_0)
FN:10,UserModel
FN:15,(anonymous_2)
FN:25,UserAddressModel
FNF:4
FNH:3
FNDA:1,(anonymous_0)
FNDA:2,UserModel
FNDA:1,(anonymous_2)
FNDA:0,UserAddressModel
DA:1,1
DA:11,2
DA:13,1
DA:15,1
DA:26,0
DA:28,1
LF:6
LH:5
BRF:0
BRH:0
end_of_record
TN:
SF:/home/alan/Cloud/workspaces/prd-pui-manager/src/auth/services/auth.service.ts
FN:16,(anonymous_2)
FN:20,AuthService
FN:31,(anonymous_4)
FN:38,(anonymous_5)
FN:49,(anonymous_6)
FN:53,(anonymous_7)
FN:58,(anonymous_8)
FN:67,(anonymous_9)
FNF:8
FNH:7
FNDA:1,(anonymous_2)
FNDA:4,AuthService
FNDA:1,(anonymous_4)
FNDA:1,(anonymous_5)
FNDA:0,(anonymous_6)
FNDA:1,(anonymous_7)
FNDA:1,(anonymous_8)
FNDA:1,(anonymous_9)
DA:1,1
DA:2,1
DA:3,1
DA:4,1
DA:5,1
DA:7,1
DA:8,1
DA:9,1
DA:16,1
DA:20,4
DA:21,4
DA:22,4
DA:24,4
DA:28,4
DA:31,1
DA:32,1
DA:33,1
DA:34,1
DA:35,1
DA:38,1
DA:46,1
DA:49,1
DA:50,0
DA:53,1
DA:55,1
DA:58,1
DA:59,1
DA:60,1
DA:61,0
DA:63,1
DA:64,1
DA:66,1
DA:67,1
DA:68,1
DA:69,0
DA:73,0
DA:75,1
DA:78,1
LF:38
LH:34
BRDA:60,0,0,0
BRDA:60,0,1,1
BRDA:66,1,0,1
BRDA:66,1,1,0
BRDA:68,2,0,0
BRDA:68,2,1,1
BRF:6
BRH:3
end_of_record
TN:
SF:/home/alan/Cloud/workspaces/prd-pui-manager/src/auth/services/user.service.ts
FN:11,(anonymous_2)
FN:12,UserService
FN:14,(anonymous_4)
FNF:3
FNH:2
FNDA:1,(anonymous_2)
FNDA:1,UserService
FNDA:0,(anonymous_4)
DA:1,1
DA:2,1
DA:3,1
DA:5,1
DA:11,1
DA:12,1
DA:14,1
DA:15,0
DA:16,0
DA:20,1
LF:10
LH:8
BRF:0
BRH:0
end_of_record
TN:
SF:/home/alan/Cloud/workspaces/prd-pui-manager/src/auth/store/index.ts
FNF:0
FNH:0
DA:1,1
DA:2,1
DA:3,1
DA:4,1
LF:4
LH:4
BRF:0
BRH:0
end_of_record
TN:
SF:/home/alan/Cloud/workspaces/prd-pui-manager/src/auth/store/actions/auth.actions.ts
FN:7,(anonymous_0)
FN:17,(anonymous_1)
FN:19,LogIn
FN:22,(anonymous_3)
FN:24,LogInSuccess
FN:27,(anonymous_5)
FN:29,LogInFailure
FN:32,(anonymous_7)
FN:36,(anonymous_9)
FN:38,GetUserDetailsSuccess
FN:41,(anonymous_11)
FN:43,GetUserDetailsFailure
FN:46,(anonymous_13)
FNF:13
FNH:11
FNDA:1,(anonymous_0)
FNDA:1,(anonymous_1)
FNDA:0,LogIn
FNDA:1,(anonymous_3)
FNDA:1,LogInSuccess
FNDA:1,(anonymous_5)
FNDA:0,LogInFailure
FNDA:3,(anonymous_7)
FNDA:1,(anonymous_9)
FNDA:3,GetUserDetailsSuccess
FNDA:1,(anonymous_11)
FNDA:2,GetUserDetailsFailure
FNDA:2,(anonymous_13)
DA:7,1
DA:8,1
DA:9,1
DA:10,1
DA:11,1
DA:12,1
DA:13,1
DA:14,1
DA:17,1
DA:18,0
DA:19,0
DA:20,1
DA:22,1
DA:23,1
DA:24,1
DA:25,1
DA:27,1
DA:28,0
DA:29,0
DA:30,1
DA:32,1
DA:33,2
DA:34,1
DA:36,1
DA:37,3
DA:38,3
DA:39,1
DA:41,1
DA:42,2
DA:43,2
DA:44,1
DA:46,1
DA:47,1
DA:48,1
LF:34
LH:30
BRDA:7,0,0,1
BRDA:7,0,1,1
BRF:2
BRH:2
end_of_record
TN:
SF:/home/alan/Cloud/workspaces/prd-pui-manager/src/auth/store/actions/index.ts
FNF:0
FNH:0
DA:1,1
LF:1
LH:1
BRF:0
BRH:0
end_of_record
TN:
SF:/home/alan/Cloud/workspaces/prd-pui-manager/src/auth/store/effects/index.ts
FNF:0
FNH:0
DA:1,1
DA:3,1
DA:7,1
LF:3
LH:3
BRF:0
BRH:0
end_of_record
TN:
SF:/home/alan/Cloud/workspaces/prd-pui-manager/src/auth/store/effects/user.effects.ts
FN:14,(anonymous_2)
FN:15,UserEffects
FN:24,(anonymous_4)
FN:27,(anonymous_5)
FN:28,(anonymous_6)
FNF:5
FNH:5
FNDA:1,(anonymous_2)
FNDA:2,UserEffects
FNDA:2,(anonymous_4)
FNDA:1,(anonymous_5)
FNDA:1,(anonymous_6)
DA:1,1
DA:2,1
DA:3,1
DA:4,1
DA:5,1
DA:6,1
DA:7,1
DA:14,1
DA:15,2
DA:16,2
DA:17,2
DA:22,3
DA:25,2
DA:27,1
DA:28,1
DA:32,1
LF:16
LH:16
BRF:0
BRH:0
end_of_record
TN:
SF:/home/alan/Cloud/workspaces/prd-pui-manager/src/auth/store/reducers/auth.reducer.ts
FN:26,reducer
FN:58,(anonymous_2)
FN:59,(anonymous_3)
FN:60,(anonymous_4)
FN:61,(anonymous_5)
FN:62,(anonymous_6)
FN:63,(anonymous_7)
FNF:7
FNH:7
FNDA:4,reducer
FNDA:1,(anonymous_2)
FNDA:1,(anonymous_3)
FNDA:1,(anonymous_4)
FNDA:1,(anonymous_5)
FNDA:1,(anonymous_6)
FNDA:1,(anonymous_7)
DA:1,1
DA:2,1
DA:3,1
DA:14,1
DA:26,1
DA:27,5
DA:30,4
DA:32,1
DA:41,1
DA:42,1
DA:52,1
DA:55,1
DA:57,1
DA:58,1
DA:59,1
DA:60,1
DA:61,1
DA:62,1
DA:63,1
LF:19
LH:19
BRDA:27,0,0,1
BRDA:27,0,1,3
BRDA:31,1,0,1
BRDA:31,1,1,1
BRDA:31,1,2,1
BRF:5
BRH:5
end_of_record
TN:
SF:/home/alan/Cloud/workspaces/prd-pui-manager/src/auth/store/reducers/index.ts
FNF:0
FNH:0
DA:1,1
LF:1
LH:1
BRF:0
BRH:0
end_of_record
TN:
SF:/home/alan/Cloud/workspaces/prd-pui-manager/src/auth/store/selectors/auth.selectors.ts
FN:7,(anonymous_0)
FNF:1
FNH:0
FNDA:0,(anonymous_0)
DA:1,1
DA:3,1
DA:5,1
DA:7,0
DA:10,1
DA:15,1
DA:20,1
DA:21,1
DA:22,1
LF:9
LH:8
BRF:0
BRH:0
end_of_record
TN:
SF:/home/alan/Cloud/workspaces/prd-pui-manager/src/auth/store/selectors/index.ts
FNF:0
FNH:0
DA:1,1
LF:1
LH:1
BRF:0
BRH:0
end_of_record
TN:
SF:/home/alan/Cloud/workspaces/prd-pui-manager/src/environments/environment.ts
FNF:0
FNH:0
DA:6,1
LF:1
LH:1
BRF:0
BRH:0
end_of_record
TN:
SF:/home/alan/Cloud/workspaces/prd-pui-manager/src/fee-accounts/fee-accounts.module.ts
FN:44,(anonymous_1)
FNF:1
FNH:1
FNDA:1,(anonymous_1)
DA:1,1
DA:3,1
DA:4,1
DA:5,1
DA:8,1
DA:11,1
DA:12,1
DA:14,1
DA:15,1
DA:16,1
DA:17,1
DA:18,1
DA:19,1
DA:20,1
DA:21,1
DA:23,1
DA:24,1
DA:44,1
DA:46,1
LF:19
LH:19
BRF:0
BRH:0
end_of_record
TN:
SF:/home/alan/Cloud/workspaces/prd-pui-manager/src/fee-accounts/fee-accounts.routing.ts
FNF:0
FNH:0
DA:2,1
DA:4,1
DA:5,1
DA:6,1
DA:7,1
DA:8,1
DA:9,1
DA:10,1
DA:13,1
DA:45,1
LF:10
LH:10
BRF:0
BRH:0
end_of_record
TN:
SF:/home/alan/Cloud/workspaces/prd-pui-manager/src/fee-accounts/components/summary/summary.component.ts
FN:12,(anonymous_2)
FN:16,SummaryComponent
FN:18,(anonymous_4)
FNF:3
FNH:1
FNDA:1,(anonymous_2)
FNDA:0,SummaryComponent
FNDA:0,(anonymous_4)
DA:1,1
DA:12,1
DA:14,1
DA:18,1
DA:21,1
LF:5
LH:5
BRF:0
BRH:0
end_of_record
TN:
SF:/home/alan/Cloud/workspaces/prd-pui-manager/src/fee-accounts/components/transactions/transactions.component.ts
FN:12,(anonymous_2)
FN:19,TransactionsComponent
FN:21,(anonymous_4)
FNF:3
FNH:3
FNDA:1,(anonymous_2)
FNDA:2,TransactionsComponent
FNDA:1,(anonymous_4)
DA:1,1
DA:12,1
DA:14,1
DA:21,1
DA:22,1
DA:32,1
DA:35,1
LF:7
LH:7
BRF:0
BRH:0
end_of_record
TN:
SF:/home/alan/Cloud/workspaces/prd-pui-manager/src/fee-accounts/containers/index.ts
FNF:0
FNH:0
DA:1,1
DA:2,1
DA:3,1
DA:5,1
DA:11,1
DA:12,1
DA:13,1
LF:7
LH:7
BRF:0
BRH:0
end_of_record
TN:
SF:/home/alan/Cloud/workspaces/prd-pui-manager/src/fee-accounts/containers/account-overview/account-overview.component.ts
FN:8,(anonymous_2)
FN:10,AccountOverviewComponent
FN:12,(anonymous_4)
FNF:3
FNH:3
FNDA:1,(anonymous_2)
FNDA:1,AccountOverviewComponent
FNDA:1,(anonymous_4)
DA:1,1
DA:8,1
DA:12,1
DA:15,1
LF:4
LH:4
BRF:0
BRH:0
end_of_record
TN:
SF:/home/alan/Cloud/workspaces/prd-pui-manager/src/fee-accounts/containers/account-summary/account-summary.component.ts
FN:13,(anonymous_2)
FN:28,AccountSummaryComponent
FN:32,(anonymous_4)
FN:35,(anonymous_5)
FN:42,(anonymous_6)
FNF:5
FNH:5
FNDA:1,(anonymous_2)
FNDA:1,AccountSummaryComponent
FNDA:1,(anonymous_4)
FNDA:1,(anonymous_5)
FNDA:1,(anonymous_6)
DA:1,1
DA:2,1
DA:3,1
DA:5,1
DA:6,1
DA:13,1
DA:15,1
DA:29,1
DA:30,1
DA:32,1
DA:34,1
DA:36,1
DA:39,1
DA:40,1
DA:42,1
DA:43,1
DA:45,1
LF:17
LH:17
BRF:0
BRH:0
end_of_record
TN:
SF:/home/alan/Cloud/workspaces/prd-pui-manager/src/fee-accounts/containers/account-transactions/account-transactions.component.ts
FN:13,(anonymous_2)
FN:38,AccountTransactionsComponent
FN:42,(anonymous_4)
FN:47,(anonymous_5)
FN:54,(anonymous_6)
FNF:5
FNH:5
FNDA:1,(anonymous_2)
FNDA:1,AccountTransactionsComponent
FNDA:1,(anonymous_4)
FNDA:1,(anonymous_5)
FNDA:1,(anonymous_6)
DA:1,1
DA:2,1
DA:4,1
DA:5,1
DA:6,1
DA:13,1
DA:15,1
DA:27,1
DA:39,1
DA:40,1
DA:42,1
DA:43,1
DA:46,1
DA:48,1
DA:51,1
DA:54,1
DA:55,1
DA:57,1
LF:18
LH:18
BRF:0
BRH:0
end_of_record
TN:
SF:/home/alan/Cloud/workspaces/prd-pui-manager/src/fee-accounts/containers/overview/account-overview.component.ts
FN:13,(anonymous_2)
FN:19,OrganisationAccountsComponent
FN:21,(anonymous_4)
FNF:3
FNH:3
FNDA:1,(anonymous_2)
FNDA:1,OrganisationAccountsComponent
FNDA:1,(anonymous_4)
DA:1,1
DA:2,1
DA:3,1
DA:13,1
DA:19,1
DA:21,1
DA:22,1
DA:23,1
DA:24,1
DA:25,1
DA:31,1
LF:11
LH:11
BRF:0
BRH:0
end_of_record
TN:
SF:/home/alan/Cloud/workspaces/prd-pui-manager/src/fee-accounts/guards/acccounts-summary.guards.ts
FN:17,(anonymous_2)
FN:19,AccountSummaryGuard
FN:22,(anonymous_4)
FN:25,(anonymous_5)
FN:26,(anonymous_6)
FN:30,(anonymous_7)
FN:33,(anonymous_8)
FN:38,(anonymous_9)
FNF:8
FNH:1
FNDA:1,(anonymous_2)
FNDA:0,AccountSummaryGuard
FNDA:0,(anonymous_4)
FNDA:0,(anonymous_5)
FNDA:0,(anonymous_6)
FNDA:0,(anonymous_7)
FNDA:0,(anonymous_8)
FNDA:0,(anonymous_9)
DA:1,1
DA:3,1
DA:4,1
DA:5,1
DA:13,1
DA:14,1
DA:17,1
DA:19,0
DA:22,1
DA:23,0
DA:25,0
DA:26,0
DA:30,1
DA:31,0
DA:34,0
DA:35,0
DA:38,0
DA:43,1
LF:18
LH:10
BRDA:34,0,0,0
BRDA:34,0,1,0
BRF:2
BRH:0
end_of_record
TN:
SF:/home/alan/Cloud/workspaces/prd-pui-manager/src/fee-accounts/guards/accounts.guard.ts
FN:17,(anonymous_2)
FN:19,AccountsGuard
FN:22,(anonymous_4)
FN:25,(anonymous_5)
FN:26,(anonymous_6)
FN:30,(anonymous_7)
FN:33,(anonymous_8)
FN:38,(anonymous_9)
FNF:8
FNH:1
FNDA:1,(anonymous_2)
FNDA:0,AccountsGuard
FNDA:0,(anonymous_4)
FNDA:0,(anonymous_5)
FNDA:0,(anonymous_6)
FNDA:0,(anonymous_7)
FNDA:0,(anonymous_8)
FNDA:0,(anonymous_9)
DA:1,1
DA:3,1
DA:4,1
DA:5,1
DA:13,1
DA:14,1
DA:17,1
DA:19,0
DA:22,1
DA:23,0
DA:25,0
DA:26,0
DA:30,1
DA:31,0
DA:34,0
DA:35,0
DA:38,0
DA:43,1
LF:18
LH:10
BRDA:34,0,0,0
BRDA:34,0,1,0
BRF:2
BRH:0
end_of_record
TN:
SF:/home/alan/Cloud/workspaces/prd-pui-manager/src/fee-accounts/mock/pba-accounts.mock.ts
FNF:0
FNH:0
DA:3,1
DA:8,1
LF:2
LH:2
BRF:0
BRH:0
end_of_record
TN:
SF:/home/alan/Cloud/workspaces/prd-pui-manager/src/fee-accounts/mock/singleAccontSummary.mock.ts
FNF:0
FNH:0
DA:3,1
LF:1
LH:1
BRF:0
BRH:0
end_of_record
TN:
SF:/home/alan/Cloud/workspaces/prd-pui-manager/src/fee-accounts/services/fee-accounts.service.ts
FN:13,(anonymous_2)
FN:14,FeeAccountsService
FN:17,(anonymous_4)
FN:23,(anonymous_5)
FN:29,(anonymous_6)
FN:31,(anonymous_7)
FNF:6
FNH:2
FNDA:1,(anonymous_2)
FNDA:1,FeeAccountsService
FNDA:0,(anonymous_4)
FNDA:0,(anonymous_5)
FNDA:0,(anonymous_6)
FNDA:0,(anonymous_7)
DA:1,1
DA:2,1
DA:3,1
DA:6,1
DA:8,1
DA:10,1
DA:13,1
DA:14,1
DA:17,1
DA:18,0
DA:19,0
DA:23,1
DA:24,0
DA:25,0
DA:29,1
DA:30,0
DA:31,0
DA:32,0
DA:45,0
DA:65,1
LF:20
LH:12
BRF:0
BRH:0
end_of_record
TN:
SF:/home/alan/Cloud/workspaces/prd-pui-manager/src/fee-accounts/services/index.ts
FNF:0
FNH:0
DA:1,1
DA:3,1
DA:5,1
LF:3
LH:3
BRF:0
BRH:0
end_of_record
TN:
SF:/home/alan/Cloud/workspaces/prd-pui-manager/src/fee-accounts/store/index.ts
FNF:0
FNH:0
DA:1,1
DA:2,1
DA:3,1
DA:4,1
LF:4
LH:4
BRF:0
BRH:0
end_of_record
TN:
SF:/home/alan/Cloud/workspaces/prd-pui-manager/src/fee-accounts/store/actions/fee-accounts.actions.ts
FN:7,(anonymous_0)
FN:11,(anonymous_2)
FN:13,LoadFeeAccountsSuccess
FN:16,(anonymous_4)
FN:18,LoadFeeAccountsFail
FNF:5
FNH:5
FNDA:5,(anonymous_0)
FNDA:1,(anonymous_2)
FNDA:5,LoadFeeAccountsSuccess
FNDA:1,(anonymous_4)
FNDA:3,LoadFeeAccountsFail
DA:3,1
DA:4,1
DA:5,1
DA:7,1
DA:8,4
DA:9,1
DA:11,1
DA:12,5
DA:13,5
DA:14,1
DA:16,1
DA:17,3
DA:18,3
DA:19,1
LF:14
LH:14
BRF:0
BRH:0
end_of_record
TN:
SF:/home/alan/Cloud/workspaces/prd-pui-manager/src/fee-accounts/store/actions/index.ts
FNF:0
FNH:0
DA:1,1
DA:2,1
LF:2
LH:2
BRF:0
BRH:0
end_of_record
TN:
SF:/home/alan/Cloud/workspaces/prd-pui-manager/src/fee-accounts/store/actions/single-fee-account.actions.ts
FN:9,(anonymous_0)
FN:11,LoadSingleFeeAccount
FN:14,(anonymous_2)
FN:16,LoadSingleFeeAccountSuccess
FN:19,(anonymous_4)
FN:21,LoadSingleFeeAccountFail
FN:29,(anonymous_6)
FN:31,LoadSingleFeeAccountTransactions
FN:34,(anonymous_8)
FN:36,LoadSingleFeeAccountTransactionsSuccess
FN:39,(anonymous_10)
FN:41,LoadSingleFeeAccountTransactionsFail
FN:45,(anonymous_12)
FN:47,ResetSingleFeeAccount
FNF:14
FNH:12
FNDA:1,(anonymous_0)
FNDA:4,LoadSingleFeeAccount
FNDA:1,(anonymous_2)
FNDA:5,LoadSingleFeeAccountSuccess
FNDA:1,(anonymous_4)
FNDA:3,LoadSingleFeeAccountFail
FNDA:1,(anonymous_6)
FNDA:1,LoadSingleFeeAccountTransactions
FNDA:1,(anonymous_8)
FNDA:0,LoadSingleFeeAccountTransactionsSuccess
FNDA:1,(anonymous_10)
FNDA:0,LoadSingleFeeAccountTransactionsFail
FNDA:1,(anonymous_12)
FNDA:4,ResetSingleFeeAccount
DA:4,1
DA:5,1
DA:6,1
DA:7,1
DA:9,1
DA:10,4
DA:11,4
DA:12,1
DA:14,1
DA:15,5
DA:16,5
DA:17,1
DA:19,1
DA:20,3
DA:21,3
DA:22,1
DA:24,1
DA:25,1
DA:26,1
DA:29,1
DA:30,1
DA:31,1
DA:32,1
DA:34,1
DA:35,0
DA:36,0
DA:37,1
DA:39,1
DA:40,0
DA:41,0
DA:42,1
DA:45,1
DA:46,4
DA:47,4
DA:48,1
LF:35
LH:31
BRF:0
BRH:0
end_of_record
TN:
SF:/home/alan/Cloud/workspaces/prd-pui-manager/src/fee-accounts/store/effects/fee-accounts.effects.ts
FN:12,(anonymous_2)
FN:13,FeeAccountsEffects
FN:21,(anonymous_4)
FN:23,(anonymous_5)
FN:24,(anonymous_6)
FNF:5
FNH:5
FNDA:1,(anonymous_2)
FNDA:2,FeeAccountsEffects
FNDA:2,(anonymous_4)
FNDA:1,(anonymous_5)
FNDA:1,(anonymous_6)
DA:1,1
DA:2,1
DA:4,1
DA:5,1
DA:6,1
DA:7,1
DA:12,1
DA:13,2
DA:14,2
DA:15,2
DA:19,3
DA:22,2
DA:23,1
DA:24,1
DA:28,1
LF:15
LH:15
BRF:0
BRH:0
end_of_record
TN:
SF:/home/alan/Cloud/workspaces/prd-pui-manager/src/fee-accounts/store/effects/index.ts
FNF:0
FNH:0
DA:1,1
DA:2,1
DA:4,1
DA:9,1
DA:10,1
LF:5
LH:5
BRF:0
BRH:0
end_of_record
TN:
SF:/home/alan/Cloud/workspaces/prd-pui-manager/src/fee-accounts/store/effects/single-fee-account.effects.ts
FN:12,(anonymous_2)
FN:13,SingleFeeAccountEffects
FN:21,(anonymous_4)
FN:24,(anonymous_5)
FN:29,(anonymous_6)
FN:37,(anonymous_7)
FN:40,(anonymous_8)
FN:45,(anonymous_9)
FNF:8
FNH:5
FNDA:1,(anonymous_2)
FNDA:2,SingleFeeAccountEffects
FNDA:2,(anonymous_4)
FNDA:1,(anonymous_5)
FNDA:1,(anonymous_6)
FNDA:0,(anonymous_7)
FNDA:0,(anonymous_8)
FNDA:0,(anonymous_9)
DA:1,1
DA:2,1
DA:4,1
DA:5,1
DA:6,1
DA:7,1
DA:12,1
DA:13,2
DA:14,2
DA:15,2
DA:19,3
DA:22,2
DA:23,2
DA:25,1
DA:26,1
DA:29,1
DA:35,3
DA:38,0
DA:39,0
DA:41,0
DA:42,0
DA:45,0
DA:49,1
LF:23
LH:18
BRF:0
BRH:0
end_of_record
TN:
SF:/home/alan/Cloud/workspaces/prd-pui-manager/src/fee-accounts/store/reducers/fee-accounts.reducer.ts
FN:16,reducer
FN:33,(anonymous_2)
FN:55,(anonymous_3)
FN:56,(anonymous_4)
FN:57,(anonymous_5)
FNF:5
FNH:5
FNDA:16,reducer
FNDA:2,(anonymous_2)
FNDA:3,(anonymous_3)
FNDA:2,(anonymous_4)
FNDA:1,(anonymous_5)
DA:1,1
DA:10,1
DA:16,1
DA:17,24
DA:20,16
DA:23,1
DA:30,2
DA:31,2
DA:32,2
DA:33,2
DA:34,2
DA:38,2
DA:42,2
DA:52,13
DA:55,3
DA:56,2
DA:57,1
LF:17
LH:17
BRDA:17,0,0,8
BRDA:17,0,1,8
BRDA:22,1,0,1
BRDA:22,1,1,2
BRDA:32,2,0,2
BRDA:32,2,1,0
BRF:6
BRH:5
end_of_record
TN:
SF:/home/alan/Cloud/workspaces/prd-pui-manager/src/fee-accounts/store/reducers/index.ts
FNF:0
FNH:0
DA:1,1
DA:3,1
DA:4,1
DA:12,1
DA:17,1
LF:5
LH:5
BRF:0
BRH:0
end_of_record
TN:
SF:/home/alan/Cloud/workspaces/prd-pui-manager/src/fee-accounts/store/reducers/single-fee-account.reducer.ts
FN:32,reducer
FN:71,(anonymous_2)
FN:72,(anonymous_3)
FN:73,(anonymous_4)
FN:75,(anonymous_5)
FN:76,(anonymous_6)
FN:77,(anonymous_7)
FNF:7
FNH:6
FNDA:17,reducer
FNDA:3,(anonymous_2)
FNDA:2,(anonymous_3)
FNDA:1,(anonymous_4)
FNDA:1,(anonymous_5)
FNDA:1,(anonymous_6)
FNDA:0,(anonymous_7)
DA:1,1
DA:19,1
DA:32,1
DA:33,25
DA:36,17
DA:38,2
DA:39,2
DA:51,0
DA:52,0
DA:63,3
DA:68,12
DA:71,3
DA:72,2
DA:73,1
DA:75,1
DA:76,1
DA:77,1
LF:17
LH:15
BRDA:33,0,0,8
BRDA:33,0,1,9
BRDA:37,1,0,2
BRDA:37,1,1,0
BRDA:37,1,2,3
BRF:5
BRH:4
end_of_record
TN:
SF:/home/alan/Cloud/workspaces/prd-pui-manager/src/fee-accounts/store/selectors/fee-accounts.selectors.ts
FN:7,(anonymous_0)
FNF:1
FNH:1
FNDA:4,(anonymous_0)
DA:1,1
DA:4,1
DA:6,1
DA:7,4
DA:8,1
DA:9,1
DA:10,1
LF:7
LH:7
BRF:0
BRH:0
end_of_record
TN:
SF:/home/alan/Cloud/workspaces/prd-pui-manager/src/fee-accounts/store/selectors/index.ts
FNF:0
FNH:0
DA:1,1
DA:2,1
LF:2
LH:2
BRF:0
BRH:0
end_of_record
TN:
SF:/home/alan/Cloud/workspaces/prd-pui-manager/src/fee-accounts/store/selectors/single-fee-account.selectors.ts
FN:8,(anonymous_0)
FNF:1
FNH:1
FNDA:6,(anonymous_0)
DA:1,1
DA:3,1
DA:4,1
DA:6,1
DA:8,6
DA:11,1
DA:16,1
DA:17,1
DA:18,1
DA:19,1
DA:21,1
LF:11
LH:11
BRF:0
BRH:0
end_of_record
TN:
SF:/home/alan/Cloud/workspaces/prd-pui-manager/src/organisation/organisation.model.ts
FN:1,(anonymous_0)
FN:9,Organisation
FNF:2
FNH:2
FNDA:1,(anonymous_0)
FNDA:6,Organisation
DA:1,1
DA:10,6
DA:12,1
LF:3
LH:3
BRF:0
BRH:0
end_of_record
TN:
SF:/home/alan/Cloud/workspaces/prd-pui-manager/src/organisation/services/organisation.service.ts
FN:15,(anonymous_2)
FN:16,OrganisationService
FN:33,(anonymous_4)
FN:64,(anonymous_5)
FNF:4
FNH:1
FNDA:1,(anonymous_2)
FNDA:0,OrganisationService
FNDA:0,(anonymous_4)
FNDA:0,(anonymous_5)
DA:1,1
DA:2,1
DA:4,1
DA:7,1
DA:15,1
DA:16,0
DA:19,0
DA:22,0
DA:33,1
DA:58,0
DA:64,1
DA:65,0
DA:67,0
DA:71,0
DA:76,0
DA:79,1
LF:16
LH:8
BRDA:65,0,0,0
BRDA:65,0,1,0
BRF:2
BRH:0
end_of_record
TN:
SF:/home/alan/Cloud/workspaces/prd-pui-manager/src/organisation/store/index.ts
FNF:0
FNH:0
DA:1,1
DA:2,1
DA:3,1
DA:4,1
LF:4
LH:4
BRF:0
BRH:0
end_of_record
TN:
SF:/home/alan/Cloud/workspaces/prd-pui-manager/src/organisation/store/actions/index.ts
FNF:0
FNH:0
DA:1,1
LF:1
LH:1
BRF:0
BRH:0
end_of_record
TN:
SF:/home/alan/Cloud/workspaces/prd-pui-manager/src/organisation/store/actions/organisation.actions.ts
FN:9,(anonymous_0)
FN:11,LoadOrganisation
FN:14,(anonymous_2)
FN:16,LoadOrganisationSuccess
FN:22,(anonymous_4)
FN:24,LoadOrganisationFail
FNF:6
FNH:6
FNDA:1,(anonymous_0)
FNDA:2,LoadOrganisation
FNDA:1,(anonymous_2)
FNDA:3,LoadOrganisationSuccess
FNDA:1,(anonymous_4)
FNDA:2,LoadOrganisationFail
DA:5,1
DA:6,1
DA:7,1
DA:9,1
DA:10,2
DA:12,1
DA:14,1
DA:15,3
DA:16,3
DA:20,1
DA:22,1
DA:23,2
DA:24,2
DA:25,1
LF:14
LH:14
BRF:0
BRH:0
end_of_record
TN:
SF:/home/alan/Cloud/workspaces/prd-pui-manager/src/organisation/store/effects/index.ts
FNF:0
FNH:0
DA:1,1
DA:3,1
DA:7,1
LF:3
LH:3
BRF:0
BRH:0
end_of_record
TN:
SF:/home/alan/Cloud/workspaces/prd-pui-manager/src/organisation/store/effects/organisation.effects.ts
FN:10,(anonymous_2)
FN:11,OrganisationEffects
FN:19,(anonymous_4)
FN:21,(anonymous_5)
FN:22,(anonymous_6)
FNF:5
FNH:1
FNDA:1,(anonymous_2)
FNDA:0,OrganisationEffects
FNDA:0,(anonymous_4)
FNDA:0,(anonymous_5)
FNDA:0,(anonymous_6)
DA:1,1
DA:2,1
DA:4,1
DA:5,1
DA:6,1
DA:7,1
DA:10,1
DA:11,0
DA:12,0
DA:13,0
DA:17,1
DA:20,0
DA:21,0
DA:22,0
DA:26,1
LF:15
LH:9
BRF:0
BRH:0
end_of_record
TN:
SF:/home/alan/Cloud/workspaces/prd-pui-manager/src/organisation/store/reducers/index.ts
FNF:0
FNH:0
DA:1,1
DA:3,1
DA:10,1
DA:14,1
LF:4
LH:4
BRF:0
BRH:0
end_of_record
TN:
SF:/home/alan/Cloud/workspaces/prd-pui-manager/src/organisation/store/reducers/organisation.reducer.ts
FN:17,reducer
FN:45,(anonymous_2)
FN:46,(anonymous_3)
FN:47,(anonymous_4)
FNF:4
FNH:2
FNDA:7,reducer
FNDA:2,(anonymous_2)
FNDA:0,(anonymous_3)
FNDA:0,(anonymous_4)
DA:1,1
DA:2,1
DA:11,1
DA:17,1
DA:18,10
DA:21,7
DA:24,1
DA:31,2
DA:32,2
DA:42,4
DA:45,2
DA:46,1
DA:47,1
LF:13
LH:13
BRDA:18,0,0,3
BRDA:18,0,1,4
BRDA:23,1,0,1
BRDA:23,1,1,2
BRF:4
BRH:4
end_of_record
TN:
SF:/home/alan/Cloud/workspaces/prd-pui-manager/src/organisation/store/selectors/index.ts
FNF:0
FNH:0
DA:1,1
LF:1
LH:1
BRF:0
BRH:0
end_of_record
TN:
SF:/home/alan/Cloud/workspaces/prd-pui-manager/src/organisation/store/selectors/organisation.selectors.ts
FN:8,(anonymous_0)
FN:26,(anonymous_1)
FN:27,(anonymous_2)
FN:28,(anonymous_3)
FNF:4
FNH:1
FNDA:3,(anonymous_0)
FNDA:0,(anonymous_1)
FNDA:0,(anonymous_2)
FNDA:0,(anonymous_3)
DA:1,1
DA:3,1
DA:4,1
DA:6,1
DA:8,3
DA:11,1
DA:18,1
DA:24,1
DA:26,0
DA:27,0
DA:28,0
LF:11
LH:8
BRF:0
BRH:0
end_of_record
TN:
SF:/home/alan/Cloud/workspaces/prd-pui-manager/src/shared/auth-interceptor.service.ts
FN:22,(anonymous_4)
FN:24,AuthIntercepterServer
FN:29,(anonymous_6)
FNF:3
FNH:1
FNDA:1,(anonymous_4)
FNDA:0,AuthIntercepterServer
FNDA:0,(anonymous_6)
DA:1,1
DA:2,1
DA:3,1
DA:11,1
DA:12,1
DA:13,1
DA:14,1
DA:15,1
DA:16,1
DA:22,1
DA:24,0
DA:25,0
DA:26,0
DA:29,1
DA:30,0
DA:31,0
DA:32,0
DA:36,0
DA:38,1
LF:19
LH:12
BRDA:30,0,0,0
BRDA:30,0,1,0
BRF:2
BRH:0
end_of_record
TN:
SF:/home/alan/Cloud/workspaces/prd-pui-manager/src/shared/headers.service.ts
FN:9,(anonymous_2)
FN:14,HeadersService
FN:24,(anonymous_4)
FN:31,(anonymous_5)
FN:42,(anonymous_6)
FN:46,(anonymous_7)
FN:50,(anonymous_8)
FNF:7
FNH:5
FNDA:1,(anonymous_2)
FNDA:3,HeadersService
FNDA:0,(anonymous_4)
FNDA:1,(anonymous_5)
FNDA:0,(anonymous_6)
FNDA:2,(anonymous_7)
FNDA:3,(anonymous_8)
DA:1,1
DA:2,1
DA:3,1
DA:4,1
DA:9,1
DA:15,3
DA:17,3
DA:21,3
DA:24,1
DA:25,0
DA:26,0
DA:27,0
DA:28,0
DA:31,1
DA:35,1
DA:38,1
DA:42,1
DA:43,0
DA:46,1
DA:47,2
DA:50,1
DA:51,3
DA:52,3
DA:53,1
DA:55,2
DA:56,2
DA:59,2
DA:61,1
LF:28
LH:23
BRDA:52,0,0,1
BRDA:52,0,1,2
BRF:2
BRH:2
end_of_record
TN:
SF:/home/alan/Cloud/workspaces/prd-pui-manager/src/shared/http-interceptor.service.ts
FN:21,(anonymous_4)
FN:23,HttpIntercepterServer
FN:31,(anonymous_6)
FNF:3
FNH:1
FNDA:1,(anonymous_4)
FNDA:0,HttpIntercepterServer
FNDA:0,(anonymous_6)
DA:1,1
DA:2,1
DA:3,1
DA:11,1
DA:12,1
DA:13,1
DA:14,1
DA:15,1
DA:21,1
DA:24,0
DA:25,0
DA:27,0
DA:31,1
DA:32,0
DA:33,0
DA:37,0
DA:39,1
LF:17
LH:11
BRF:0
BRH:0
end_of_record
TN:
SF:/home/alan/Cloud/workspaces/prd-pui-manager/src/shared/shared.module.ts
FN:32,(anonymous_1)
FNF:1
FNH:1
FNDA:1,(anonymous_1)
DA:1,1
DA:2,1
DA:3,1
DA:4,1
DA:5,1
DA:6,1
DA:7,1
DA:32,1
DA:33,1
LF:9
LH:9
BRF:0
BRH:0
end_of_record
TN:
SF:/home/alan/Cloud/workspaces/prd-pui-manager/src/users/services/index.ts
FNF:0
FNH:0
DA:1,1
DA:2,1
DA:4,1
DA:6,1
DA:7,1
LF:5
LH:5
BRF:0
BRH:0
end_of_record
TN:
SF:/home/alan/Cloud/workspaces/prd-pui-manager/src/users/services/invite-user.service.ts
FN:15,(anonymous_2)
FN:16,InviteUserService
FN:18,(anonymous_4)
FNF:3
FNH:1
FNDA:1,(anonymous_2)
FNDA:0,InviteUserService
FNDA:0,(anonymous_4)
DA:1,1
DA:2,1
DA:7,1
DA:15,1
DA:16,0
DA:18,1
DA:19,0
DA:23,1
LF:8
LH:6
BRF:0
BRH:0
end_of_record
TN:
SF:/home/alan/Cloud/workspaces/prd-pui-manager/src/users/services/users.service.ts
FN:28,(anonymous_2)
FN:29,UsersService
FN:31,(anonymous_4)
FNF:3
FNH:1
FNDA:1,(anonymous_2)
FNDA:0,UsersService
FNDA:0,(anonymous_4)
DA:1,1
DA:2,1
DA:4,1
DA:8,1
DA:28,1
DA:29,0
DA:31,1
DA:35,0
DA:39,1
LF:9
LH:7
BRF:0
BRH:0
end_of_record
TN:
SF:/home/alan/Cloud/workspaces/prd-pui-manager/src/users/store/index.ts
FNF:0
FNH:0
DA:1,1
DA:2,1
DA:3,1
DA:4,1
LF:4
LH:4
BRF:0
BRH:0
end_of_record
TN:
SF:/home/alan/Cloud/workspaces/prd-pui-manager/src/users/store/actions/index.ts
FNF:0
FNH:0
DA:1,1
DA:2,1
LF:2
LH:2
BRF:0
BRH:0
end_of_record
TN:
SF:/home/alan/Cloud/workspaces/prd-pui-manager/src/users/store/actions/invite-user.actions.ts
FN:7,(anonymous_0)
FN:9,AddFromData
FN:12,(anonymous_2)
FN:14,UpdateErrorMessages
FNF:4
FNH:3
FNDA:1,(anonymous_0)
FNDA:0,AddFromData
FNDA:1,(anonymous_2)
FNDA:1,UpdateErrorMessages
DA:4,1
DA:5,1
DA:7,1
DA:8,0
DA:9,0
DA:10,1
DA:12,1
DA:13,1
DA:14,1
DA:15,1
LF:10
LH:8
BRF:0
BRH:0
end_of_record
TN:
SF:/home/alan/Cloud/workspaces/prd-pui-manager/src/users/store/actions/user.actions.ts
FN:10,(anonymous_0)
FN:12,LoadUsers
FN:15,(anonymous_2)
FN:17,LoadUsersSuccess
FN:20,(anonymous_4)
FN:22,LoadUsersFail
FN:31,(anonymous_6)
FN:33,SendInviteUser
FN:36,(anonymous_8)
FN:38,InviteUserSuccess
FN:41,(anonymous_10)
FN:43,InviteUserFail
FNF:12
FNH:12
FNDA:1,(anonymous_0)
FNDA:2,LoadUsers
FNDA:1,(anonymous_2)
FNDA:3,LoadUsersSuccess
FNDA:1,(anonymous_4)
FNDA:2,LoadUsersFail
FNDA:1,(anonymous_6)
FNDA:2,SendInviteUser
FNDA:1,(anonymous_8)
FNDA:2,InviteUserSuccess
FNDA:1,(anonymous_10)
FNDA:2,InviteUserFail
DA:5,1
DA:6,1
DA:7,1
DA:10,1
DA:11,2
DA:13,1
DA:15,1
DA:16,3
DA:17,3
DA:18,1
DA:20,1
DA:21,2
DA:22,2
DA:23,1
DA:25,1
DA:26,1
DA:27,1
DA:31,1
DA:32,2
DA:33,2
DA:34,1
DA:36,1
DA:37,2
DA:38,2
DA:39,1
DA:41,1
DA:42,2
DA:43,2
DA:44,1
LF:29
LH:29
BRF:0
BRH:0
end_of_record
TN:
SF:/home/alan/Cloud/workspaces/prd-pui-manager/src/users/store/effects/index.ts
FNF:0
FNH:0
DA:1,1
DA:3,1
DA:6,1
LF:3
LH:3
BRF:0
BRH:0
end_of_record
TN:
SF:/home/alan/Cloud/workspaces/prd-pui-manager/src/users/store/effects/users.effects.ts
FN:12,(anonymous_2)
FN:13,UsersEffects
FN:22,(anonymous_4)
FN:24,(anonymous_5)
FN:25,(anonymous_6)
FN:33,(anonymous_7)
FN:34,(anonymous_8)
FN:36,(anonymous_9)
FN:37,(anonymous_10)
FNF:9
FNH:9
FNDA:1,(anonymous_2)
FNDA:4,UsersEffects
FNDA:2,(anonymous_4)
FNDA:1,(anonymous_5)
FNDA:1,(anonymous_6)
FNDA:2,(anonymous_7)
FNDA:2,(anonymous_8)
FNDA:1,(anonymous_9)
FNDA:1,(anonymous_10)
DA:1,1
DA:2,1
DA:4,1
DA:5,1
DA:6,1
DA:7,1
DA:12,1
DA:13,4
DA:14,4
DA:15,4
DA:16,4
DA:20,5
DA:23,2
DA:24,1
DA:25,1
DA:31,5
DA:33,2
DA:35,2
DA:36,1
DA:37,1
DA:41,1
LF:21
LH:21
BRF:0
BRH:0
end_of_record
TN:
SF:/home/alan/Cloud/workspaces/prd-pui-manager/src/users/store/reducers/index.ts
FNF:0
FNH:0
DA:1,1
DA:3,1
DA:4,1
DA:11,1
DA:16,1
LF:5
LH:5
BRF:0
BRH:0
end_of_record
TN:
SF:/home/alan/Cloud/workspaces/prd-pui-manager/src/users/store/reducers/invite-user.reducer.ts
FN:16,reducer
FN:25,(anonymous_2)
FN:27,(anonymous_3)
FN:28,(anonymous_4)
FN:33,(anonymous_5)
FN:44,(anonymous_6)
FN:58,(anonymous_7)
FN:59,(anonymous_8)
FN:60,(anonymous_9)
FNF:9
FNH:1
FNDA:3,reducer
FNDA:0,(anonymous_2)
FNDA:0,(anonymous_3)
FNDA:0,(anonymous_4)
FNDA:0,(anonymous_5)
FNDA:0,(anonymous_6)
FNDA:0,(anonymous_7)
FNDA:0,(anonymous_8)
FNDA:0,(anonymous_9)
DA:1,1
DA:10,1
DA:16,1
DA:17,5
DA:20,3
DA:22,0
DA:23,0
DA:25,0
DA:27,0
DA:28,0
DA:29,0
DA:33,0
DA:35,0
DA:40,0
DA:43,0
DA:44,0
DA:46,0
DA:55,3
DA:58,1
DA:59,1
DA:60,1
LF:21
LH:9
BRDA:17,0,0,2
BRDA:17,0,1,1
BRDA:21,1,0,0
BRDA:29,2,0,0
BRDA:29,2,1,0
BRF:5
BRH:2
end_of_record
TN:
SF:/home/alan/Cloud/workspaces/prd-pui-manager/src/users/store/reducers/users.reducer.ts
FN:16,reducer
FN:55,(anonymous_2)
FN:56,(anonymous_3)
FN:57,(anonymous_4)
FNF:4
FNH:2
FNDA:3,reducer
FNDA:2,(anonymous_2)
FNDA:0,(anonymous_3)
FNDA:0,(anonymous_4)
DA:1,1
DA:10,1
DA:16,1
DA:17,5
DA:20,3
DA:23,0
DA:24,0
DA:32,1
DA:33,1
DA:43,0
DA:52,2
DA:55,2
DA:56,1
DA:57,1
LF:14
LH:11
BRDA:17,0,0,2
BRDA:17,0,1,1
BRDA:22,1,0,0
BRDA:22,1,1,1
BRDA:22,1,2,0
BRF:5
BRH:3
end_of_record
TN:
SF:/home/alan/Cloud/workspaces/prd-pui-manager/src/users/store/selectors/index.ts
FNF:0
FNH:0
DA:1,1
DA:2,1
LF:2
LH:2
BRF:0
BRH:0
end_of_record
TN:
SF:/home/alan/Cloud/workspaces/prd-pui-manager/src/users/store/selectors/invite-user.selector.ts
FN:8,(anonymous_0)
FN:24,(anonymous_1)
FN:25,(anonymous_2)
FN:29,(anonymous_3)
FNF:4
FNH:0
FNDA:0,(anonymous_0)
FNDA:0,(anonymous_1)
FNDA:0,(anonymous_2)
FNDA:0,(anonymous_3)
DA:1,1
DA:3,1
DA:4,1
DA:6,1
DA:8,0
DA:11,1
DA:16,1
DA:21,1
DA:25,0
DA:26,0
DA:27,0
DA:29,0
DA:34,0
LF:13
LH:7
BRDA:26,0,0,0
BRDA:26,0,1,0
BRF:2
BRH:0
end_of_record
TN:
SF:/home/alan/Cloud/workspaces/prd-pui-manager/src/users/store/selectors/user.selectors.ts
FN:8,(anonymous_0)
FNF:1
FNH:1
FNDA:3,(anonymous_0)
DA:1,1
DA:3,1
DA:4,1
DA:6,1
DA:8,3
DA:11,1
DA:16,1
LF:7
LH:7
BRF:0
BRH:0
end_of_record
