{
  "stats": {
    "suites": 1,
    "tests": 3,
    "passes": 3,
    "pending": 0,
    "failures": 0,
    "start": "2020-05-21T07:56:25.014Z",
    "end": "2020-05-21T07:56:25.042Z",
    "duration": 28,
    "testsRegistered": 3,
    "passPercent": 100,
    "pendingPercent": 0,
    "other": 0,
    "hasOther": false,
    "skipped": 0,
    "hasSkipped": false,
    "passPercentClass": "success",
    "pendingPercentClass": "danger"
  },
  "suites": {
    "uuid": "8e1eabb2-5e8b-45d2-b5f7-9efc98d16ef4",
    "title": "",
    "fullFile": "",
    "file": "",
    "beforeHooks": [],
    "afterHooks": [],
    "tests": [],
    "suites": [
      {
        "uuid": "4f8480b1-bf48-42c2-bd40-5d2f95b9b1be",
        "title": "Pa11y tests",
        "fullFile": "/Users/sreekanth/work/moj/ex-ui/rpx-xui-manage-organisations/test/accessibility/tests/index.js",
        "file": "/test/accessibility/tests/index.js",
        "beforeHooks": [],
        "afterHooks": [],
        "tests": [
          {
            "title": "oragnisation page",
            "fullTitle": "Pa11y tests oragnisation page",
            "timedOut": false,
            "duration": 4,
            "state": "passed",
            "speed": "fast",
            "pass": true,
            "fail": false,
            "pending": false,
            "code": "const actions = [];\nactions.push(...Actions.idamLogin(\"sreekanth_su@mailinator.com\",\"Monday01\"));\nactions.push(...Actions.navigateTourl(\"https://manage-org.aat.platform.hmcts.net/organisation\"));\npa11ytest(actions).then(result => {\n    addContext(result);\n    assert(result.issues.length === 0, \"Acceisbility issues reported\");\n});",
            "err": {},
            "isRoot": false,
            "uuid": "3c1b42f2-1656-4792-b62f-fcfabbae9779",
            "isHook": false,
            "skipped": false
          },
          {
            "title": "users page",
            "fullTitle": "Pa11y tests users page",
            "timedOut": false,
            "duration": 0,
            "state": "passed",
            "speed": "fast",
            "pass": true,
            "fail": false,
            "pending": false,
            "code": "let actions = [];\n       actions.push(...Actions.idamLogin(\"sreekanth_su@mailinator.com\", \"Monday01\"));\nactions.push(...Actions.navigateTourl(\"https://manage-org.aat.platform.hmcts.net/users\"));\n pa11ytest(actions).then(result => {\n     addContext(result);\n    assert(result.issues.length === 0, \"Acceisbility issues reported\");\n     \n });",
            "err": {},
            "isRoot": false,
            "uuid": "5967f53e-44f8-42db-b8c5-d72921bec226",
            "isHook": false,
            "skipped": false
          },
          {
            "title": "invite user page",
            "fullTitle": "Pa11y tests invite user page",
            "timedOut": false,
            "duration": 0,
            "state": "passed",
            "speed": "fast",
            "pass": true,
            "fail": false,
            "pending": false,
            "code": "let actions = [];\nactions.push(...Actions.idamLogin(\"sreekanth_su@mailinator.com\", \"Monday01\"));\nactions.push(...Actions.navigateTourl(\"https://manage-org.aat.platform.hmcts.net/users/invite-user\"));\npa11ytest(actions).then(result => {\n    addContext(result);\n    assert(result.issues.length === 0, \"Acceisbility issues reported\");\n});",
            "err": {},
            "isRoot": false,
            "uuid": "33f21659-f357-45c0-981c-65b700f8dd99",
            "isHook": false,
            "skipped": false
          }
        ],
        "suites": [],
        "passes": [
          "3c1b42f2-1656-4792-b62f-fcfabbae9779",
          "5967f53e-44f8-42db-b8c5-d72921bec226",
          "33f21659-f357-45c0-981c-65b700f8dd99"
        ],
        "failures": [],
        "pending": [],
        "skipped": [],
        "duration": 4,
        "root": false,
        "rootEmpty": false,
        "_timeout": 2000
      }
    ],
    "passes": [],
    "failures": [],
    "pending": [],
    "skipped": [],
    "duration": 0,
    "root": true,
    "rootEmpty": true,
    "_timeout": 2000
  },
  "copyrightYear": 2020
}